IP Upgrade report for DE1_SoC_Computer
Mon Sep 25 09:42:26 2023
Quartus Prime Version 18.1.0 Build 625 09/12/2018 SJ Lite Edition


---------------------
; Table of Contents ;
---------------------
  1. Legal Notice
  2. IP Upgrade Summary
  3. Successfully Upgraded IP Components
  4. IP Upgrade Messages



----------------
; Legal Notice ;
----------------
Copyright (C) 2018  Intel Corporation. All rights reserved.
Your use of Intel Corporation's design tools, logic functions 
and other software and tools, and its AMPP partner logic 
functions, and any output files from any of the foregoing 
(including device programming or simulation files), and any 
associated documentation or information are expressly subject 
to the terms and conditions of the Intel Program License 
Subscription Agreement, the Intel Quartus Prime License Agreement,
the Intel FPGA IP License Agreement, or other applicable license
agreement, including, without limitation, that your use is for
the sole purpose of programming logic devices manufactured by
Intel and sold by Intel or its authorized distributors.  Please
refer to the applicable agreement for further details.



+----------------------------------------------------------------------------+
; IP Upgrade Summary                                                         ;
+------------------------------+---------------------------------------------+
; IP Components Upgrade Status ; Passed - Mon Sep 25 09:42:26 2023           ;
; Quartus Prime Version        ; 18.1.0 Build 625 09/12/2018 SJ Lite Edition ;
; Revision Name                ; DE1_SoC_Computer                            ;
; Top-level Entity Name        ; DE1_SoC_Computer                            ;
; Family                       ; Cyclone V                                   ;
+------------------------------+---------------------------------------------+


+-----------------------------------------------------------------------------------------------------------------------------------------------------------------------------+
; Successfully Upgraded IP Components                                                                                                                                         ;
+-----------------+----------------+---------+-----------------------------------------------+----------------------+-----------------------------------------------+---------+
; Entity Name     ; Component Name ; Version ; Original Source File                          ; Generation File Path ; New Source File                               ; Message ;
+-----------------+----------------+---------+-----------------------------------------------+----------------------+-----------------------------------------------+---------+
; Computer_System ; Qsys           ; 17.1    ; Computer_System/synthesis/Computer_System.qip ; Computer_System.qsys ; Computer_System/synthesis/Computer_System.qip ;         ;
; audio_fifo      ; FIFO           ; 17.1    ; audio_fifo.qip                                ; audio_fifo.v         ; audio_fifo.qip                                ;         ;
+-----------------+----------------+---------+-----------------------------------------------+----------------------+-----------------------------------------------+---------+


+---------------------+
; IP Upgrade Messages ;
+---------------------+
Info (11902): Backing up file "Computer_System.qsys" to "Computer_System.BAK.qsys"
Info (11902): Backing up file "Computer_System/synthesis/Computer_System.v" to "Computer_System.BAK.v"
Info (11837): Started upgrading IP component Qsys with file "Computer_System.qsys"
Info: 2023.09.25.09:37:30 Info: Starting to upgrade the IP cores in the Platform Designer system
Info: 2023.09.25.09:37:30 Info: Finished upgrading the ip cores
Info: 2023.09.25.09:37:58 Info: Saving generation log to C:/Users/grue/OneDrive - Kansas State University/Documents/Courses/ECE 643/DE1-SoC_Computer/DE1-SoC_Computer_KSU/quartus/Computer_System
Info: 2023.09.25.09:37:58 Info: Starting: Create simulation model
Info: 2023.09.25.09:37:58 Info: qsys-generate "C:\Users\grue\OneDrive - Kansas State University\Documents\Courses\ECE 643\DE1-SoC_Computer\DE1-SoC_Computer_KSU\quartus\Computer_System.qsys" --simulation=VERILOG --allow-mixed-language-simulation --output-directory="C:\Users\grue\OneDrive - Kansas State University\Documents\Courses\ECE 643\DE1-SoC_Computer\DE1-SoC_Computer_KSU\quartus\Computer_System\simulation" --family="Cyclone V" --part=5CSEMA5F31C6
Info: 2023.09.25.09:37:58 Info: Loading quartus
Info: 2023.09.25.09:37:59 Info: Reading input file
Info: 2023.09.25.09:37:59 Info: Adding ARM_A9_HPS [altera_hps 18.1]
Info: 2023.09.25.09:37:59 Info: Parameterizing module ARM_A9_HPS
Info: 2023.09.25.09:37:59 Info: Adding AV_Config [altera_up_avalon_audio_and_video_config 18.0]
Info: 2023.09.25.09:37:59 Info: Parameterizing module AV_Config
Info: 2023.09.25.09:37:59 Info: Adding Audio [altera_up_avalon_audio 18.0]
Info: 2023.09.25.09:37:59 Info: Parameterizing module Audio
Info: 2023.09.25.09:37:59 Info: Adding Audio_ADCL_Dat [altera_avalon_pio 18.1]
Info: 2023.09.25.09:37:59 Info: Parameterizing module Audio_ADCL_Dat
Info: 2023.09.25.09:37:59 Info: Adding Audio_DACL_Dat [altera_avalon_pio 18.1]
Info: 2023.09.25.09:37:59 Info: Parameterizing module Audio_DACL_Dat
Info: 2023.09.25.09:37:59 Info: Adding Audio_Subsystem [Audio_Subsystem 1.0]
Info: 2023.09.25.09:38:00 Info: Parameterizing module Audio_Subsystem
Info: 2023.09.25.09:38:00 Info: Adding Audio_ctrl [altera_avalon_pio 18.1]
Info: 2023.09.25.09:38:00 Info: Parameterizing module Audio_ctrl
Info: 2023.09.25.09:38:00 Info: Adding Audio_space [altera_avalon_pio 18.1]
Info: 2023.09.25.09:38:00 Info: Parameterizing module Audio_space
Info: 2023.09.25.09:38:00 Info: Adding Expansion_JP1 [altera_avalon_pio 18.1]
Info: 2023.09.25.09:38:00 Info: Parameterizing module Expansion_JP1
Info: 2023.09.25.09:38:00 Info: Adding Expansion_JP2 [altera_avalon_pio 18.1]
Info: 2023.09.25.09:38:00 Info: Parameterizing module Expansion_JP2
Info: 2023.09.25.09:38:00 Info: Adding F2H_Mem_Window_00000000 [altera_address_span_extender 18.1]
Info: 2023.09.25.09:38:00 Info: Parameterizing module F2H_Mem_Window_00000000
Info: 2023.09.25.09:38:00 Info: Adding F2H_Mem_Window_FF600000 [altera_address_span_extender 18.1]
Info: 2023.09.25.09:38:00 Info: Parameterizing module F2H_Mem_Window_FF600000
Info: 2023.09.25.09:38:00 Info: Adding F2H_Mem_Window_FF800000 [altera_address_span_extender 18.1]
Info: 2023.09.25.09:38:00 Info: Parameterizing module F2H_Mem_Window_FF800000
Info: 2023.09.25.09:38:00 Info: Adding HEX3_HEX0 [altera_avalon_pio 18.1]
Info: 2023.09.25.09:38:00 Info: Parameterizing module HEX3_HEX0
Info: 2023.09.25.09:38:00 Info: Adding HEX5_HEX4 [altera_avalon_pio 18.1]
Info: 2023.09.25.09:38:00 Info: Parameterizing module HEX5_HEX4
Info: 2023.09.25.09:38:00 Info: Adding Interval_Timer [altera_avalon_timer 18.1]
Info: 2023.09.25.09:38:00 Info: Parameterizing module Interval_Timer
Info: 2023.09.25.09:38:00 Info: Adding Interval_Timer_2 [altera_avalon_timer 18.1]
Info: 2023.09.25.09:38:00 Info: Parameterizing module Interval_Timer_2
Info: 2023.09.25.09:38:00 Info: Adding Interval_Timer_2nd_Core [altera_avalon_timer 18.1]
Info: 2023.09.25.09:38:00 Info: Parameterizing module Interval_Timer_2nd_Core
Info: 2023.09.25.09:38:00 Info: Adding Interval_Timer_2nd_Core_2 [altera_avalon_timer 18.1]
Info: 2023.09.25.09:38:00 Info: Parameterizing module Interval_Timer_2nd_Core_2
Info: 2023.09.25.09:38:00 Info: Adding IrDA [altera_up_avalon_irda 18.0]
Info: 2023.09.25.09:38:00 Info: Parameterizing module IrDA
Info: 2023.09.25.09:38:00 Info: Adding JTAG_UART [altera_avalon_jtag_uart 18.1]
Info: 2023.09.25.09:38:00 Info: Parameterizing module JTAG_UART
Info: 2023.09.25.09:38:00 Info: Adding JTAG_UART_2nd_Core [altera_avalon_jtag_uart 18.1]
Info: 2023.09.25.09:38:00 Info: Parameterizing module JTAG_UART_2nd_Core
Info: 2023.09.25.09:38:00 Info: Adding JTAG_UART_for_ARM_0 [altera_avalon_jtag_uart 18.1]
Info: 2023.09.25.09:38:00 Info: Parameterizing module JTAG_UART_for_ARM_0
Info: 2023.09.25.09:38:00 Info: Adding JTAG_UART_for_ARM_1 [altera_avalon_jtag_uart 18.1]
Info: 2023.09.25.09:38:00 Info: Parameterizing module JTAG_UART_for_ARM_1
Info: 2023.09.25.09:38:00 Info: Adding JTAG_to_FPGA_Bridge [altera_jtag_avalon_master 18.1]
Info: 2023.09.25.09:38:00 Info: Parameterizing module JTAG_to_FPGA_Bridge
Info: 2023.09.25.09:38:00 Info: Adding JTAG_to_HPS_Bridge [altera_jtag_avalon_master 18.1]
Info: 2023.09.25.09:38:00 Info: Parameterizing module JTAG_to_HPS_Bridge
Info: 2023.09.25.09:38:00 Info: Adding LEDs [altera_avalon_pio 18.1]
Info: 2023.09.25.09:38:00 Info: Parameterizing module LEDs
Info: 2023.09.25.09:38:00 Info: Adding Nios2 [altera_nios2_gen2 18.1]
Info: 2023.09.25.09:38:00 Info: Parameterizing module Nios2
Info: 2023.09.25.09:38:00 Info: Adding Nios2_2nd_Core [altera_nios2_gen2 18.1]
Info: 2023.09.25.09:38:00 Info: Parameterizing module Nios2_2nd_Core
Info: 2023.09.25.09:38:00 Info: Adding Nios2_Floating_Point [altera_nios_custom_instr_floating_point 18.1]
Info: 2023.09.25.09:38:00 Info: Parameterizing module Nios2_Floating_Point
Info: 2023.09.25.09:38:00 Info: Adding Nios2_Floating_Point_2nd_Core [altera_nios_custom_instr_floating_point 18.1]
Info: 2023.09.25.09:38:00 Info: Parameterizing module Nios2_Floating_Point_2nd_Core
Info: 2023.09.25.09:38:00 Info: Adding Onchip_SRAM [altera_avalon_onchip_memory2 18.1]
Info: 2023.09.25.09:38:00 Info: Parameterizing module Onchip_SRAM
Info: 2023.09.25.09:38:00 Info: Adding PS2_Port [altera_up_avalon_ps2 18.0]
Info: 2023.09.25.09:38:00 Info: Parameterizing module PS2_Port
Info: 2023.09.25.09:38:00 Info: Adding PS2_Port_Dual [altera_up_avalon_ps2 18.0]
Info: 2023.09.25.09:38:00 Info: Parameterizing module PS2_Port_Dual
Info: 2023.09.25.09:38:00 Info: Adding Pixel_DMA_Addr_Translation [altera_up_avalon_video_dma_ctrl_addr_trans 18.0]
Info: 2023.09.25.09:38:00 Info: Parameterizing module Pixel_DMA_Addr_Translation
Info: 2023.09.25.09:38:00 Info: Adding Pushbuttons [altera_avalon_pio 18.1]
Info: 2023.09.25.09:38:00 Info: Parameterizing module Pushbuttons
Info: 2023.09.25.09:38:00 Info: Adding SDRAM [altera_avalon_new_sdram_controller 18.1]
Info: 2023.09.25.09:38:00 Info: Parameterizing module SDRAM
Info: 2023.09.25.09:38:00 Info: Adding Slider_Switches [altera_avalon_pio 18.1]
Info: 2023.09.25.09:38:00 Info: Parameterizing module Slider_Switches
Info: 2023.09.25.09:38:00 Info: Adding SysID [altera_avalon_sysid_qsys 18.1]
Info: 2023.09.25.09:38:00 Info: Parameterizing module SysID
Info: 2023.09.25.09:38:00 Info: Adding System_PLL [altera_up_avalon_sys_sdram_pll 18.0]
Info: 2023.09.25.09:38:00 Info: Parameterizing module System_PLL
Info: 2023.09.25.09:38:00 Info: Adding VGA_Subsystem [VGA_Subsystem 1.0]
Info: 2023.09.25.09:38:02 Info: Parameterizing module VGA_Subsystem
Info: 2023.09.25.09:38:02 Info: Adding audio_pll_0 [altera_up_avalon_audio_pll 18.0]
Info: 2023.09.25.09:38:02 Info: Parameterizing module audio_pll_0
Info: 2023.09.25.09:38:02 Info: Building connections
Info: 2023.09.25.09:38:02 Info: Parameterizing connections
Info: 2023.09.25.09:38:02 Info: Validating
Info: 2023.09.25.09:38:12 Info: Done reading input file
Info: 2023.09.25.09:38:17 Info: Computer_System.ARM_A9_HPS: HPS Main PLL counter settings: n = 0  m = 73
Info: 2023.09.25.09:38:17 Info: Computer_System.ARM_A9_HPS: HPS peripherial PLL counter settings: n = 0  m = 39
Warning: 2023.09.25.09:38:17 Warning: Computer_System.ARM_A9_HPS: "QSPI clock frequency" (desired_qspi_clk_mhz) requested 400.0 MHz, but only achieved 370.0 MHz
Warning: 2023.09.25.09:38:17 Warning: Computer_System.ARM_A9_HPS: 1 or more output clock frequencies cannot be achieved precisely, consider revising desired output clock frequencies.
Info: 2023.09.25.09:38:17 Info: Computer_System.Audio_ADCL_Dat: PIO inputs are not hardwired in test bench. Undefined values will be read from PIO inputs during simulation.
Info: 2023.09.25.09:38:17 Info: Computer_System.Audio_space: PIO inputs are not hardwired in test bench. Undefined values will be read from PIO inputs during simulation.
Warning: 2023.09.25.09:38:17 Warning: Computer_System.Pixel_DMA_Addr_Translation.master: Master needs a minimum address width of 3 bits (has 2)
Info: 2023.09.25.09:38:17 Info: Computer_System.SDRAM: SDRAM Controller will only be supported in Quartus Prime Standard Edition in the future release.
Info: 2023.09.25.09:38:17 Info: Computer_System.SysID: System ID is not assigned automatically. Edit the System ID parameter to provide a unique ID
Info: 2023.09.25.09:38:17 Info: Computer_System.SysID: Time stamp will be automatically updated when this component is generated.
Info: 2023.09.25.09:38:17 Info: Computer_System.System_PLL: Refclk Freq: 50.0
Info: 2023.09.25.09:38:17 Info: Computer_System.VGA_Subsystem.VGA_Char_Buffer: Character Resolution: 80 x 60
Info: 2023.09.25.09:38:17 Info: Computer_System.VGA_Subsystem.VGA_Controller: Video Output Stream: Format: 640 x 480 with Color: 10 (bits) x 3 (planes) converted to 8 (bits) per color plane
Info: 2023.09.25.09:38:17 Info: Computer_System.VGA_Subsystem.VGA_Pixel_RGB_Resampler: RGB Resampling: 8 (bits) x 1 (planes) -> 10 (bits) x 3 (planes)
Warning: 2023.09.25.09:38:17 Warning: Computer_System.VGA_Subsystem.VGA_Pixel_RGB_Resampler: VGA_Pixel_RGB_Resampler.avalon_rgb_slave must be connected to an Avalon-MM master
Warning: 2023.09.25.09:38:17 Warning: Computer_System.F2H_Mem_Window_00000000: F2H_Mem_Window_00000000.windowed_slave must be connected to an Avalon-MM master
Warning: 2023.09.25.09:38:17 Warning: Computer_System.F2H_Mem_Window_FF600000: F2H_Mem_Window_FF600000.windowed_slave must be connected to an Avalon-MM master
Warning: 2023.09.25.09:38:17 Warning: Computer_System.F2H_Mem_Window_FF800000: F2H_Mem_Window_FF800000.windowed_slave must be connected to an Avalon-MM master
Info: 2023.09.25.09:38:19 Info: Computer_System: Generating Computer_System "Computer_System" for SIM_VERILOG
Info: 2023.09.25.09:38:31 Info: Interconnect is inserted between master Pixel_DMA_Addr_Translation.master and slave VGA_Subsystem.pixel_dma_control_slave because the master has waitrequest signal 1 bit wide, but the slave is 0 bit wide.
Warning: 2023.09.25.09:38:32 Warning: ARM_A9_HPS.f2h_irq0: Cannot connect clock for irq_mapper.sender
Warning: 2023.09.25.09:38:32 Warning: ARM_A9_HPS.f2h_irq0: Cannot connect reset for irq_mapper.sender
Warning: 2023.09.25.09:38:32 Warning: ARM_A9_HPS.f2h_irq1: Cannot connect clock for irq_mapper_001.sender
Warning: 2023.09.25.09:38:32 Warning: ARM_A9_HPS.f2h_irq1: Cannot connect reset for irq_mapper_001.sender
Info: 2023.09.25.09:38:40 Info: ARM_A9_HPS: "Running  for module: ARM_A9_HPS"
Info: 2023.09.25.09:38:41 Info: ARM_A9_HPS: HPS Main PLL counter settings: n = 0  m = 73
Info: 2023.09.25.09:38:41 Info: ARM_A9_HPS: HPS peripherial PLL counter settings: n = 0  m = 39
Warning: 2023.09.25.09:38:41 Warning: ARM_A9_HPS: "QSPI clock frequency" (desired_qspi_clk_mhz) requested 400.0 MHz, but only achieved 370.0 MHz
Warning: 2023.09.25.09:38:41 Warning: ARM_A9_HPS: 1 or more output clock frequencies cannot be achieved precisely, consider revising desired output clock frequencies.
Info: 2023.09.25.09:38:45 Info: ARM_A9_HPS: "Computer_System" instantiated altera_hps "ARM_A9_HPS"
Info: 2023.09.25.09:38:45 Info: AV_Config: Starting Generation of Audio and Video Config
Info: 2023.09.25.09:38:45 Info: AV_Config: "Computer_System" instantiated altera_up_avalon_audio_and_video_config "AV_Config"
Info: 2023.09.25.09:38:45 Info: Audio_ADCL_Dat: Starting RTL generation for module 'Computer_System_Audio_ADCL_Dat'
Info: 2023.09.25.09:38:45 Info: Audio_ADCL_Dat:   Generation command is [exec C:/intelfpga_lite/18.1/quartus/bin64/perl/bin/perl.exe -I C:/intelfpga_lite/18.1/quartus/bin64/perl/lib -I C:/intelfpga_lite/18.1/quartus/sopc_builder/bin/europa -I C:/intelfpga_lite/18.1/quartus/sopc_builder/bin/perl_lib -I C:/intelfpga_lite/18.1/quartus/sopc_builder/bin -I C:/intelfpga_lite/18.1/quartus/../ip/altera/sopc_builder_ip/common -I C:/intelfpga_lite/18.1/quartus/../ip/altera/sopc_builder_ip/altera_avalon_pio -- C:/intelfpga_lite/18.1/quartus/../ip/altera/sopc_builder_ip/altera_avalon_pio/generate_rtl.pl --name=Computer_System_Audio_ADCL_Dat --dir=C:/Users/grue/AppData/Local/Temp/alt9625_1444785780309712673.dir/0003_Audio_ADCL_Dat_gen/ --quartus_dir=C:/intelfpga_lite/18.1/quartus --verilog --config=C:/Users/grue/AppData/Local/Temp/alt9625_1444785780309712673.dir/0003_Audio_ADCL_Dat_gen//Computer_System_Audio_ADCL_Dat_component_configuration.pl  --do_build_sim=1    --sim_dir=C:/Users/grue/AppData/Local/Temp/alt9625_1444785780309712673.dir/0003_Audio_ADCL_Dat_gen
Info: 2023.09.25.09:38:46 Info: Audio_ADCL_Dat: Done RTL generation for module 'Computer_System_Audio_ADCL_Dat'
Info: 2023.09.25.09:38:46 Info: Audio_ADCL_Dat: "Computer_System" instantiated altera_avalon_pio "Audio_ADCL_Dat"
Info: 2023.09.25.09:38:46 Info: Audio_DACL_Dat: Starting RTL generation for module 'Computer_System_Audio_DACL_Dat'
Info: 2023.09.25.09:38:46 Info: Audio_DACL_Dat:   Generation command is [exec C:/intelfpga_lite/18.1/quartus/bin64/perl/bin/perl.exe -I C:/intelfpga_lite/18.1/quartus/bin64/perl/lib -I C:/intelfpga_lite/18.1/quartus/sopc_builder/bin/europa -I C:/intelfpga_lite/18.1/quartus/sopc_builder/bin/perl_lib -I C:/intelfpga_lite/18.1/quartus/sopc_builder/bin -I C:/intelfpga_lite/18.1/quartus/../ip/altera/sopc_builder_ip/common -I C:/intelfpga_lite/18.1/quartus/../ip/altera/sopc_builder_ip/altera_avalon_pio -- C:/intelfpga_lite/18.1/quartus/../ip/altera/sopc_builder_ip/altera_avalon_pio/generate_rtl.pl --name=Computer_System_Audio_DACL_Dat --dir=C:/Users/grue/AppData/Local/Temp/alt9625_1444785780309712673.dir/0004_Audio_DACL_Dat_gen/ --quartus_dir=C:/intelfpga_lite/18.1/quartus --verilog --config=C:/Users/grue/AppData/Local/Temp/alt9625_1444785780309712673.dir/0004_Audio_DACL_Dat_gen//Computer_System_Audio_DACL_Dat_component_configuration.pl  --do_build_sim=1    --sim_dir=C:/Users/grue/AppData/Local/Temp/alt9625_1444785780309712673.dir/0004_Audio_DACL_Dat_gen
Info: 2023.09.25.09:38:46 Info: Audio_DACL_Dat: Done RTL generation for module 'Computer_System_Audio_DACL_Dat'
Info: 2023.09.25.09:38:46 Info: Audio_DACL_Dat: "Computer_System" instantiated altera_avalon_pio "Audio_DACL_Dat"
Info: 2023.09.25.09:38:46 Info: Audio_ctrl: Starting RTL generation for module 'Computer_System_Audio_ctrl'
Info: 2023.09.25.09:38:46 Info: Audio_ctrl:   Generation command is [exec C:/intelfpga_lite/18.1/quartus/bin64/perl/bin/perl.exe -I C:/intelfpga_lite/18.1/quartus/bin64/perl/lib -I C:/intelfpga_lite/18.1/quartus/sopc_builder/bin/europa -I C:/intelfpga_lite/18.1/quartus/sopc_builder/bin/perl_lib -I C:/intelfpga_lite/18.1/quartus/sopc_builder/bin -I C:/intelfpga_lite/18.1/quartus/../ip/altera/sopc_builder_ip/common -I C:/intelfpga_lite/18.1/quartus/../ip/altera/sopc_builder_ip/altera_avalon_pio -- C:/intelfpga_lite/18.1/quartus/../ip/altera/sopc_builder_ip/altera_avalon_pio/generate_rtl.pl --name=Computer_System_Audio_ctrl --dir=C:/Users/grue/AppData/Local/Temp/alt9625_1444785780309712673.dir/0005_Audio_ctrl_gen/ --quartus_dir=C:/intelfpga_lite/18.1/quartus --verilog --config=C:/Users/grue/AppData/Local/Temp/alt9625_1444785780309712673.dir/0005_Audio_ctrl_gen//Computer_System_Audio_ctrl_component_configuration.pl  --do_build_sim=1    --sim_dir=C:/Users/grue/AppData/Local/Temp/alt9625_1444785780309712673.dir/0005_Audio_ctrl_gen
Info: 2023.09.25.09:38:46 Info: Audio_ctrl: Done RTL generation for module 'Computer_System_Audio_ctrl'
Info: 2023.09.25.09:38:46 Info: Audio_ctrl: "Computer_System" instantiated altera_avalon_pio "Audio_ctrl"
Info: 2023.09.25.09:38:46 Info: Audio_space: Starting RTL generation for module 'Computer_System_Audio_space'
Info: 2023.09.25.09:38:46 Info: Audio_space:   Generation command is [exec C:/intelfpga_lite/18.1/quartus/bin64/perl/bin/perl.exe -I C:/intelfpga_lite/18.1/quartus/bin64/perl/lib -I C:/intelfpga_lite/18.1/quartus/sopc_builder/bin/europa -I C:/intelfpga_lite/18.1/quartus/sopc_builder/bin/perl_lib -I C:/intelfpga_lite/18.1/quartus/sopc_builder/bin -I C:/intelfpga_lite/18.1/quartus/../ip/altera/sopc_builder_ip/common -I C:/intelfpga_lite/18.1/quartus/../ip/altera/sopc_builder_ip/altera_avalon_pio -- C:/intelfpga_lite/18.1/quartus/../ip/altera/sopc_builder_ip/altera_avalon_pio/generate_rtl.pl --name=Computer_System_Audio_space --dir=C:/Users/grue/AppData/Local/Temp/alt9625_1444785780309712673.dir/0006_Audio_space_gen/ --quartus_dir=C:/intelfpga_lite/18.1/quartus --verilog --config=C:/Users/grue/AppData/Local/Temp/alt9625_1444785780309712673.dir/0006_Audio_space_gen//Computer_System_Audio_space_component_configuration.pl  --do_build_sim=1    --sim_dir=C:/Users/grue/AppData/Local/Temp/alt9625_1444785780309712673.dir/0006_Audio_space_gen
Info: 2023.09.25.09:38:46 Info: Audio_space: Done RTL generation for module 'Computer_System_Audio_space'
Info: 2023.09.25.09:38:46 Info: Audio_space: "Computer_System" instantiated altera_avalon_pio "Audio_space"
Info: 2023.09.25.09:38:46 Info: F2H_Mem_Window_00000000: "Computer_System" instantiated altera_address_span_extender "F2H_Mem_Window_00000000"
Info: 2023.09.25.09:38:46 Info: HEX3_HEX0: Starting RTL generation for module 'Computer_System_HEX3_HEX0'
Info: 2023.09.25.09:38:46 Info: HEX3_HEX0:   Generation command is [exec C:/intelfpga_lite/18.1/quartus/bin64/perl/bin/perl.exe -I C:/intelfpga_lite/18.1/quartus/bin64/perl/lib -I C:/intelfpga_lite/18.1/quartus/sopc_builder/bin/europa -I C:/intelfpga_lite/18.1/quartus/sopc_builder/bin/perl_lib -I C:/intelfpga_lite/18.1/quartus/sopc_builder/bin -I C:/intelfpga_lite/18.1/quartus/../ip/altera/sopc_builder_ip/common -I C:/intelfpga_lite/18.1/quartus/../ip/altera/sopc_builder_ip/altera_avalon_pio -- C:/intelfpga_lite/18.1/quartus/../ip/altera/sopc_builder_ip/altera_avalon_pio/generate_rtl.pl --name=Computer_System_HEX3_HEX0 --dir=C:/Users/grue/AppData/Local/Temp/alt9625_1444785780309712673.dir/0008_HEX3_HEX0_gen/ --quartus_dir=C:/intelfpga_lite/18.1/quartus --verilog --config=C:/Users/grue/AppData/Local/Temp/alt9625_1444785780309712673.dir/0008_HEX3_HEX0_gen//Computer_System_HEX3_HEX0_component_configuration.pl  --do_build_sim=1    --sim_dir=C:/Users/grue/AppData/Local/Temp/alt9625_1444785780309712673.dir/0008_HEX3_HEX0_gen
Info: 2023.09.25.09:38:47 Info: HEX3_HEX0: Done RTL generation for module 'Computer_System_HEX3_HEX0'
Info: 2023.09.25.09:38:47 Info: HEX3_HEX0: "Computer_System" instantiated altera_avalon_pio "HEX3_HEX0"
Info: 2023.09.25.09:38:47 Info: LEDs: Starting RTL generation for module 'Computer_System_LEDs'
Info: 2023.09.25.09:38:47 Info: LEDs:   Generation command is [exec C:/intelfpga_lite/18.1/quartus/bin64/perl/bin/perl.exe -I C:/intelfpga_lite/18.1/quartus/bin64/perl/lib -I C:/intelfpga_lite/18.1/quartus/sopc_builder/bin/europa -I C:/intelfpga_lite/18.1/quartus/sopc_builder/bin/perl_lib -I C:/intelfpga_lite/18.1/quartus/sopc_builder/bin -I C:/intelfpga_lite/18.1/quartus/../ip/altera/sopc_builder_ip/common -I C:/intelfpga_lite/18.1/quartus/../ip/altera/sopc_builder_ip/altera_avalon_pio -- C:/intelfpga_lite/18.1/quartus/../ip/altera/sopc_builder_ip/altera_avalon_pio/generate_rtl.pl --name=Computer_System_LEDs --dir=C:/Users/grue/AppData/Local/Temp/alt9625_1444785780309712673.dir/0009_LEDs_gen/ --quartus_dir=C:/intelfpga_lite/18.1/quartus --verilog --config=C:/Users/grue/AppData/Local/Temp/alt9625_1444785780309712673.dir/0009_LEDs_gen//Computer_System_LEDs_component_configuration.pl  --do_build_sim=1    --sim_dir=C:/Users/grue/AppData/Local/Temp/alt9625_1444785780309712673.dir/0009_LEDs_gen
Info: 2023.09.25.09:38:47 Info: LEDs: Done RTL generation for module 'Computer_System_LEDs'
Info: 2023.09.25.09:38:47 Info: LEDs: "Computer_System" instantiated altera_avalon_pio "LEDs"
Info: 2023.09.25.09:38:47 Info: Onchip_SRAM: Starting RTL generation for module 'Computer_System_Onchip_SRAM'
Info: 2023.09.25.09:38:47 Info: Onchip_SRAM:   Generation command is [exec C:/intelfpga_lite/18.1/quartus/bin64/perl/bin/perl.exe -I C:/intelfpga_lite/18.1/quartus/bin64/perl/lib -I C:/intelfpga_lite/18.1/quartus/sopc_builder/bin/europa -I C:/intelfpga_lite/18.1/quartus/sopc_builder/bin/perl_lib -I C:/intelfpga_lite/18.1/quartus/sopc_builder/bin -I C:/intelfpga_lite/18.1/quartus/../ip/altera/sopc_builder_ip/common -I C:/intelfpga_lite/18.1/quartus/../ip/altera/sopc_builder_ip/altera_avalon_onchip_memory2 -- C:/intelfpga_lite/18.1/quartus/../ip/altera/sopc_builder_ip/altera_avalon_onchip_memory2/generate_rtl.pl --name=Computer_System_Onchip_SRAM --dir=C:/Users/grue/AppData/Local/Temp/alt9625_1444785780309712673.dir/0010_Onchip_SRAM_gen/ --quartus_dir=C:/intelfpga_lite/18.1/quartus --verilog --config=C:/Users/grue/AppData/Local/Temp/alt9625_1444785780309712673.dir/0010_Onchip_SRAM_gen//Computer_System_Onchip_SRAM_component_configuration.pl  --do_build_sim=1    --sim_dir=C:/Users/grue/AppData/Local/Temp/alt9625_1444785780309712673.dir/0010_Onchip_SRAM_gen
Info: 2023.09.25.09:38:48 Info: Onchip_SRAM: Done RTL generation for module 'Computer_System_Onchip_SRAM'
Info: 2023.09.25.09:38:48 Info: Onchip_SRAM: "Computer_System" instantiated altera_avalon_onchip_memory2 "Onchip_SRAM"
Info: 2023.09.25.09:38:48 Info: Pixel_DMA_Addr_Translation: "Computer_System" instantiated altera_up_avalon_video_dma_ctrl_addr_trans "Pixel_DMA_Addr_Translation"
Info: 2023.09.25.09:38:48 Info: Pushbuttons: Starting RTL generation for module 'Computer_System_Pushbuttons'
Info: 2023.09.25.09:38:48 Info: Pushbuttons:   Generation command is [exec C:/intelfpga_lite/18.1/quartus/bin64/perl/bin/perl.exe -I C:/intelfpga_lite/18.1/quartus/bin64/perl/lib -I C:/intelfpga_lite/18.1/quartus/sopc_builder/bin/europa -I C:/intelfpga_lite/18.1/quartus/sopc_builder/bin/perl_lib -I C:/intelfpga_lite/18.1/quartus/sopc_builder/bin -I C:/intelfpga_lite/18.1/quartus/../ip/altera/sopc_builder_ip/common -I C:/intelfpga_lite/18.1/quartus/../ip/altera/sopc_builder_ip/altera_avalon_pio -- C:/intelfpga_lite/18.1/quartus/../ip/altera/sopc_builder_ip/altera_avalon_pio/generate_rtl.pl --name=Computer_System_Pushbuttons --dir=C:/Users/grue/AppData/Local/Temp/alt9625_1444785780309712673.dir/0012_Pushbuttons_gen/ --quartus_dir=C:/intelfpga_lite/18.1/quartus --verilog --config=C:/Users/grue/AppData/Local/Temp/alt9625_1444785780309712673.dir/0012_Pushbuttons_gen//Computer_System_Pushbuttons_component_configuration.pl  --do_build_sim=1    --sim_dir=C:/Users/grue/AppData/Local/Temp/alt9625_1444785780309712673.dir/0012_Pushbuttons_gen
Info: 2023.09.25.09:38:48 Info: Pushbuttons: Done RTL generation for module 'Computer_System_Pushbuttons'
Info: 2023.09.25.09:38:48 Info: Pushbuttons: "Computer_System" instantiated altera_avalon_pio "Pushbuttons"
Info: 2023.09.25.09:38:48 Info: SDRAM: Starting RTL generation for module 'Computer_System_SDRAM'
Info: 2023.09.25.09:38:48 Info: SDRAM:   Generation command is [exec C:/intelfpga_lite/18.1/quartus/bin64/perl/bin/perl.exe -I C:/intelfpga_lite/18.1/quartus/bin64/perl/lib -I C:/intelfpga_lite/18.1/quartus/sopc_builder/bin/europa -I C:/intelfpga_lite/18.1/quartus/sopc_builder/bin/perl_lib -I C:/intelfpga_lite/18.1/quartus/sopc_builder/bin -I C:/intelfpga_lite/18.1/quartus/../ip/altera/sopc_builder_ip/common -I C:/intelfpga_lite/18.1/quartus/../ip/altera/sopc_builder_ip/altera_avalon_new_sdram_controller -- C:/intelfpga_lite/18.1/quartus/../ip/altera/sopc_builder_ip/altera_avalon_new_sdram_controller/generate_rtl.pl --name=Computer_System_SDRAM --dir=C:/Users/grue/AppData/Local/Temp/alt9625_1444785780309712673.dir/0013_SDRAM_gen/ --quartus_dir=C:/intelfpga_lite/18.1/quartus --verilog --config=C:/Users/grue/AppData/Local/Temp/alt9625_1444785780309712673.dir/0013_SDRAM_gen//Computer_System_SDRAM_component_configuration.pl  --do_build_sim=1    --sim_dir=C:/Users/grue/AppData/Local/Temp/alt9625_1444785780309712673.dir/0013_SDRAM_gen
Info: 2023.09.25.09:38:49 Info: SDRAM: Done RTL generation for module 'Computer_System_SDRAM'
Info: 2023.09.25.09:38:49 Info: SDRAM: "Computer_System" instantiated altera_avalon_new_sdram_controller "SDRAM"
Info: 2023.09.25.09:38:49 Info: Slider_Switches: Starting RTL generation for module 'Computer_System_Slider_Switches'
Info: 2023.09.25.09:38:49 Info: Slider_Switches:   Generation command is [exec C:/intelfpga_lite/18.1/quartus/bin64/perl/bin/perl.exe -I C:/intelfpga_lite/18.1/quartus/bin64/perl/lib -I C:/intelfpga_lite/18.1/quartus/sopc_builder/bin/europa -I C:/intelfpga_lite/18.1/quartus/sopc_builder/bin/perl_lib -I C:/intelfpga_lite/18.1/quartus/sopc_builder/bin -I C:/intelfpga_lite/18.1/quartus/../ip/altera/sopc_builder_ip/common -I C:/intelfpga_lite/18.1/quartus/../ip/altera/sopc_builder_ip/altera_avalon_pio -- C:/intelfpga_lite/18.1/quartus/../ip/altera/sopc_builder_ip/altera_avalon_pio/generate_rtl.pl --name=Computer_System_Slider_Switches --dir=C:/Users/grue/AppData/Local/Temp/alt9625_1444785780309712673.dir/0014_Slider_Switches_gen/ --quartus_dir=C:/intelfpga_lite/18.1/quartus --verilog --config=C:/Users/grue/AppData/Local/Temp/alt9625_1444785780309712673.dir/0014_Slider_Switches_gen//Computer_System_Slider_Switches_component_configuration.pl  --do_build_sim=1    --sim_dir=C:/Users/grue/AppData/Local/Temp/alt9625_1444785780309712673.dir/0014_Slider_Switches_gen
Info: 2023.09.25.09:38:49 Info: Slider_Switches: Done RTL generation for module 'Computer_System_Slider_Switches'
Info: 2023.09.25.09:38:49 Info: Slider_Switches: "Computer_System" instantiated altera_avalon_pio "Slider_Switches"
Info: 2023.09.25.09:38:49 Info: SysID: "Computer_System" instantiated altera_avalon_sysid_qsys "SysID"
Info: 2023.09.25.09:38:50 Info: System_PLL: "Computer_System" instantiated altera_up_avalon_sys_sdram_pll "System_PLL"
Info: 2023.09.25.09:38:53 Info: VGA_Subsystem: "Computer_System" instantiated VGA_Subsystem "VGA_Subsystem"
Info: 2023.09.25.09:38:56 Info: mm_interconnect_0: "Computer_System" instantiated altera_mm_interconnect "mm_interconnect_0"
Info: 2023.09.25.09:39:00 Info: avalon_st_adapter: Inserting error_adapter: error_adapter_0
Info: 2023.09.25.09:39:01 Info: avalon_st_adapter_001: Inserting error_adapter: error_adapter_0
Info: 2023.09.25.09:39:01 Info: avalon_st_adapter_002: Inserting error_adapter: error_adapter_0
Info: 2023.09.25.09:39:02 Info: avalon_st_adapter_003: Inserting error_adapter: error_adapter_0
Info: 2023.09.25.09:39:05 Info: mm_interconnect_1: "Computer_System" instantiated altera_mm_interconnect "mm_interconnect_1"
Info: 2023.09.25.09:39:13 Info: avalon_st_adapter: Inserting error_adapter: error_adapter_0
Info: 2023.09.25.09:39:13 Info: avalon_st_adapter_001: Inserting error_adapter: error_adapter_0
Info: 2023.09.25.09:39:14 Info: avalon_st_adapter_002: Inserting error_adapter: error_adapter_0
Info: 2023.09.25.09:39:15 Info: avalon_st_adapter_003: Inserting error_adapter: error_adapter_0
Info: 2023.09.25.09:39:15 Info: avalon_st_adapter_004: Inserting error_adapter: error_adapter_0
Info: 2023.09.25.09:39:16 Info: avalon_st_adapter_005: Inserting error_adapter: error_adapter_0
Info: 2023.09.25.09:39:16 Info: avalon_st_adapter_006: Inserting error_adapter: error_adapter_0
Info: 2023.09.25.09:39:17 Info: avalon_st_adapter_007: Inserting error_adapter: error_adapter_0
Info: 2023.09.25.09:39:17 Info: avalon_st_adapter_008: Inserting error_adapter: error_adapter_0
Info: 2023.09.25.09:39:18 Info: avalon_st_adapter_009: Inserting error_adapter: error_adapter_0
Info: 2023.09.25.09:39:18 Info: avalon_st_adapter_010: Inserting error_adapter: error_adapter_0
Info: 2023.09.25.09:39:19 Info: avalon_st_adapter_011: Inserting error_adapter: error_adapter_0
Info: 2023.09.25.09:39:26 Info: mm_interconnect_2: "Computer_System" instantiated altera_mm_interconnect "mm_interconnect_2"
Info: 2023.09.25.09:39:28 Info: mm_interconnect_3: "Computer_System" instantiated altera_mm_interconnect "mm_interconnect_3"
Info: 2023.09.25.09:39:28 Info: irq_mapper: "Computer_System" instantiated altera_irq_mapper "irq_mapper"
Info: 2023.09.25.09:39:28 Info: irq_mapper_001: "Computer_System" instantiated altera_irq_mapper "irq_mapper_001"
Info: 2023.09.25.09:39:28 Info: rst_controller: "Computer_System" instantiated altera_reset_controller "rst_controller"
Info: 2023.09.25.09:39:28 Info: fpga_interfaces: "ARM_A9_HPS" instantiated altera_interface_generator "fpga_interfaces"
Info: 2023.09.25.09:39:29 Info: hps_io: "ARM_A9_HPS" instantiated altera_hps_io "hps_io"
Info: 2023.09.25.09:39:29 Info: sys_pll: Generating simgen model
Info: 2023.09.25.09:39:42 Info: sys_pll: Simgen was successful
Info: 2023.09.25.09:39:42 Info: sys_pll: "System_PLL" instantiated altera_pll "sys_pll"
Info: 2023.09.25.09:39:42 Info: reset_from_locked: "System_PLL" instantiated altera_up_avalon_reset_from_locked_signal "reset_from_locked"
Info: 2023.09.25.09:39:42 Info: VGA_Alpha_Blender: Starting Generation of the Alpha Blender
Info: 2023.09.25.09:39:43 Info: VGA_Alpha_Blender: "VGA_Subsystem" instantiated altera_up_avalon_video_alpha_blender "VGA_Alpha_Blender"
Info: 2023.09.25.09:39:43 Info: VGA_Char_Buffer: Starting Generation of Character Buffer
Info: 2023.09.25.09:39:43 Info: VGA_Char_Buffer: "VGA_Subsystem" instantiated altera_up_avalon_video_character_buffer_with_dma "VGA_Char_Buffer"
Info: 2023.09.25.09:39:43 Info: VGA_Controller: Starting Generation of VGA Controller
Info: 2023.09.25.09:39:43 Info: VGA_Controller: "VGA_Subsystem" instantiated altera_up_avalon_video_vga_controller "VGA_Controller"
Info: 2023.09.25.09:39:43 Info: VGA_Dual_Clock_FIFO: Starting Generation of the Dual Clock Buffer
Info: 2023.09.25.09:39:43 Info: VGA_Dual_Clock_FIFO: "VGA_Subsystem" instantiated altera_up_avalon_video_dual_clock_buffer "VGA_Dual_Clock_FIFO"
Info: 2023.09.25.09:39:44 Info: VGA_PLL: "VGA_Subsystem" instantiated altera_up_avalon_video_pll "VGA_PLL"
Info: 2023.09.25.09:39:44 Info: VGA_Pixel_DMA: Starting Generation of VGA Pixel Buffer
Info: 2023.09.25.09:39:44 Info: VGA_Pixel_DMA: "VGA_Subsystem" instantiated altera_up_avalon_video_pixel_buffer_dma "VGA_Pixel_DMA"
Info: 2023.09.25.09:39:44 Info: VGA_Pixel_FIFO: Starting Generation of the Dual Clock Buffer
Info: 2023.09.25.09:39:44 Info: VGA_Pixel_FIFO: "VGA_Subsystem" instantiated altera_up_avalon_video_dual_clock_buffer "VGA_Pixel_FIFO"
Info: 2023.09.25.09:39:44 Info: VGA_Pixel_RGB_Resampler: Starting Generation of Video RGB Resampler
Info: 2023.09.25.09:39:44 Info: VGA_Pixel_RGB_Resampler: "VGA_Subsystem" instantiated altera_up_avalon_video_rgb_resampler "VGA_Pixel_RGB_Resampler"
Info: 2023.09.25.09:39:44 Info: F2H_Mem_Window_00000000_expanded_master_translator: "mm_interconnect_0" instantiated altera_merlin_master_translator "F2H_Mem_Window_00000000_expanded_master_translator"
Info: 2023.09.25.09:39:44 Info: F2H_Mem_Window_00000000_expanded_master_agent: "mm_interconnect_0" instantiated altera_merlin_master_agent "F2H_Mem_Window_00000000_expanded_master_agent"
Info: 2023.09.25.09:39:44 Info: ARM_A9_HPS_f2h_axi_slave_agent: "mm_interconnect_0" instantiated altera_merlin_axi_slave_ni "ARM_A9_HPS_f2h_axi_slave_agent"
Info: 2023.09.25.09:39:44 Info: router: "mm_interconnect_0" instantiated altera_merlin_router "router"
Info: 2023.09.25.09:39:44 Info: router_003: "mm_interconnect_0" instantiated altera_merlin_router "router_003"
Info: 2023.09.25.09:39:44 Info: F2H_Mem_Window_00000000_expanded_master_limiter: "mm_interconnect_0" instantiated altera_merlin_traffic_limiter "F2H_Mem_Window_00000000_expanded_master_limiter"
Info: 2023.09.25.09:39:44 Info: Reusing file C:/Users/grue/OneDrive - Kansas State University/Documents/Courses/ECE 643/DE1-SoC_Computer/DE1-SoC_Computer_KSU/quartus/Computer_System/simulation/submodules
Info: 2023.09.25.09:39:44 Info: cmd_demux: "mm_interconnect_0" instantiated altera_merlin_demultiplexer "cmd_demux"
Info: 2023.09.25.09:39:44 Info: cmd_mux: "mm_interconnect_0" instantiated altera_merlin_multiplexer "cmd_mux"
Info: 2023.09.25.09:39:44 Info: rsp_demux: "mm_interconnect_0" instantiated altera_merlin_demultiplexer "rsp_demux"
Info: 2023.09.25.09:39:44 Info: rsp_mux: "mm_interconnect_0" instantiated altera_merlin_multiplexer "rsp_mux"
Info: 2023.09.25.09:39:44 Info: Reusing file C:/Users/grue/OneDrive - Kansas State University/Documents/Courses/ECE 643/DE1-SoC_Computer/DE1-SoC_Computer_KSU/quartus/Computer_System/simulation/submodules
Info: 2023.09.25.09:39:44 Info: ARM_A9_HPS_f2h_axi_slave_wr_cmd_width_adapter: "mm_interconnect_0" instantiated altera_merlin_width_adapter "ARM_A9_HPS_f2h_axi_slave_wr_cmd_width_adapter"
Info: 2023.09.25.09:39:44 Info: Reusing file C:/Users/grue/OneDrive - Kansas State University/Documents/Courses/ECE 643/DE1-SoC_Computer/DE1-SoC_Computer_KSU/quartus/Computer_System/simulation/submodules
Info: 2023.09.25.09:39:44 Info: Reusing file C:/Users/grue/OneDrive - Kansas State University/Documents/Courses/ECE 643/DE1-SoC_Computer/DE1-SoC_Computer_KSU/quartus/Computer_System/simulation/submodules
Info: 2023.09.25.09:39:44 Info: VGA_Subsystem_char_buffer_slave_translator: "mm_interconnect_1" instantiated altera_merlin_slave_translator "VGA_Subsystem_char_buffer_slave_translator"
Info: 2023.09.25.09:39:44 Info: ARM_A9_HPS_h2f_axi_master_agent: "mm_interconnect_1" instantiated altera_merlin_axi_master_ni "ARM_A9_HPS_h2f_axi_master_agent"
Info: 2023.09.25.09:39:44 Info: Reusing file C:/Users/grue/OneDrive - Kansas State University/Documents/Courses/ECE 643/DE1-SoC_Computer/DE1-SoC_Computer_KSU/quartus/Computer_System/simulation/submodules
Info: 2023.09.25.09:39:44 Info: VGA_Subsystem_char_buffer_slave_agent: "mm_interconnect_1" instantiated altera_merlin_slave_agent "VGA_Subsystem_char_buffer_slave_agent"
Info: 2023.09.25.09:39:44 Info: Reusing file C:/Users/grue/OneDrive - Kansas State University/Documents/Courses/ECE 643/DE1-SoC_Computer/DE1-SoC_Computer_KSU/quartus/Computer_System/simulation/submodules
Info: 2023.09.25.09:39:44 Info: VGA_Subsystem_char_buffer_slave_agent_rsp_fifo: "mm_interconnect_1" instantiated altera_avalon_sc_fifo "VGA_Subsystem_char_buffer_slave_agent_rsp_fifo"
Info: 2023.09.25.09:39:44 Info: Reusing file C:/Users/grue/OneDrive - Kansas State University/Documents/Courses/ECE 643/DE1-SoC_Computer/DE1-SoC_Computer_KSU/quartus/Computer_System/simulation/submodules
Info: 2023.09.25.09:39:44 Info: router: "mm_interconnect_1" instantiated altera_merlin_router "router"
Info: 2023.09.25.09:39:44 Info: router_002: "mm_interconnect_1" instantiated altera_merlin_router "router_002"
Info: 2023.09.25.09:39:44 Info: router_003: "mm_interconnect_1" instantiated altera_merlin_router "router_003"
Info: 2023.09.25.09:39:44 Info: router_004: "mm_interconnect_1" instantiated altera_merlin_router "router_004"
Info: 2023.09.25.09:39:45 Info: router_005: "mm_interconnect_1" instantiated altera_merlin_router "router_005"
Info: 2023.09.25.09:39:45 Info: router_006: "mm_interconnect_1" instantiated altera_merlin_router "router_006"
Info: 2023.09.25.09:39:45 Info: VGA_Subsystem_char_buffer_slave_burst_adapter: "mm_interconnect_1" instantiated altera_merlin_burst_adapter "VGA_Subsystem_char_buffer_slave_burst_adapter"
Info: 2023.09.25.09:39:45 Info: Reusing file C:/Users/grue/OneDrive - Kansas State University/Documents/Courses/ECE 643/DE1-SoC_Computer/DE1-SoC_Computer_KSU/quartus/Computer_System/simulation/submodules
Info: 2023.09.25.09:39:45 Info: Reusing file C:/Users/grue/OneDrive - Kansas State University/Documents/Courses/ECE 643/DE1-SoC_Computer/DE1-SoC_Computer_KSU/quartus/Computer_System/simulation/submodules
Info: 2023.09.25.09:39:45 Info: cmd_demux: "mm_interconnect_1" instantiated altera_merlin_demultiplexer "cmd_demux"
Info: 2023.09.25.09:39:45 Info: cmd_demux_002: "mm_interconnect_1" instantiated altera_merlin_demultiplexer "cmd_demux_002"
Info: 2023.09.25.09:39:45 Info: cmd_mux: "mm_interconnect_1" instantiated altera_merlin_multiplexer "cmd_mux"
Info: 2023.09.25.09:39:45 Info: Reusing file C:/Users/grue/OneDrive - Kansas State University/Documents/Courses/ECE 643/DE1-SoC_Computer/DE1-SoC_Computer_KSU/quartus/Computer_System/simulation/submodules
Info: 2023.09.25.09:39:45 Info: cmd_mux_001: "mm_interconnect_1" instantiated altera_merlin_multiplexer "cmd_mux_001"
Info: 2023.09.25.09:39:45 Info: Reusing file C:/Users/grue/OneDrive - Kansas State University/Documents/Courses/ECE 643/DE1-SoC_Computer/DE1-SoC_Computer_KSU/quartus/Computer_System/simulation/submodules
Info: 2023.09.25.09:39:45 Info: cmd_mux_002: "mm_interconnect_1" instantiated altera_merlin_multiplexer "cmd_mux_002"
Info: 2023.09.25.09:39:45 Info: Reusing file C:/Users/grue/OneDrive - Kansas State University/Documents/Courses/ECE 643/DE1-SoC_Computer/DE1-SoC_Computer_KSU/quartus/Computer_System/simulation/submodules
Info: 2023.09.25.09:39:45 Info: cmd_mux_003: "mm_interconnect_1" instantiated altera_merlin_multiplexer "cmd_mux_003"
Info: 2023.09.25.09:39:45 Info: Reusing file C:/Users/grue/OneDrive - Kansas State University/Documents/Courses/ECE 643/DE1-SoC_Computer/DE1-SoC_Computer_KSU/quartus/Computer_System/simulation/submodules
Info: 2023.09.25.09:39:45 Info: rsp_demux: "mm_interconnect_1" instantiated altera_merlin_demultiplexer "rsp_demux"
Info: 2023.09.25.09:39:45 Info: rsp_demux_001: "mm_interconnect_1" instantiated altera_merlin_demultiplexer "rsp_demux_001"
Info: 2023.09.25.09:39:45 Info: rsp_demux_002: "mm_interconnect_1" instantiated altera_merlin_demultiplexer "rsp_demux_002"
Info: 2023.09.25.09:39:45 Info: rsp_demux_003: "mm_interconnect_1" instantiated altera_merlin_demultiplexer "rsp_demux_003"
Info: 2023.09.25.09:39:45 Info: rsp_mux: "mm_interconnect_1" instantiated altera_merlin_multiplexer "rsp_mux"
Info: 2023.09.25.09:39:45 Info: Reusing file C:/Users/grue/OneDrive - Kansas State University/Documents/Courses/ECE 643/DE1-SoC_Computer/DE1-SoC_Computer_KSU/quartus/Computer_System/simulation/submodules
Info: 2023.09.25.09:39:45 Info: rsp_mux_002: "mm_interconnect_1" instantiated altera_merlin_multiplexer "rsp_mux_002"
Info: 2023.09.25.09:39:45 Info: Reusing file C:/Users/grue/OneDrive - Kansas State University/Documents/Courses/ECE 643/DE1-SoC_Computer/DE1-SoC_Computer_KSU/quartus/Computer_System/simulation/submodules
Info: 2023.09.25.09:39:46 Info: avalon_st_adapter: "mm_interconnect_1" instantiated altera_avalon_st_adapter "avalon_st_adapter"
Info: 2023.09.25.09:39:47 Info: avalon_st_adapter_001: "mm_interconnect_1" instantiated altera_avalon_st_adapter "avalon_st_adapter_001"
Info: 2023.09.25.09:39:48 Info: avalon_st_adapter_002: "mm_interconnect_1" instantiated altera_avalon_st_adapter "avalon_st_adapter_002"
Info: 2023.09.25.09:39:48 Info: router: "mm_interconnect_2" instantiated altera_merlin_router "router"
Info: 2023.09.25.09:39:48 Info: router_002: "mm_interconnect_2" instantiated altera_merlin_router "router_002"
Info: 2023.09.25.09:39:48 Info: cmd_demux: "mm_interconnect_2" instantiated altera_merlin_demultiplexer "cmd_demux"
Info: 2023.09.25.09:39:48 Info: cmd_mux: "mm_interconnect_2" instantiated altera_merlin_multiplexer "cmd_mux"
Info: 2023.09.25.09:39:48 Info: Reusing file C:/Users/grue/OneDrive - Kansas State University/Documents/Courses/ECE 643/DE1-SoC_Computer/DE1-SoC_Computer_KSU/quartus/Computer_System/simulation/submodules
Info: 2023.09.25.09:39:48 Info: rsp_demux: "mm_interconnect_2" instantiated altera_merlin_demultiplexer "rsp_demux"
Info: 2023.09.25.09:39:48 Info: rsp_mux: "mm_interconnect_2" instantiated altera_merlin_multiplexer "rsp_mux"
Info: 2023.09.25.09:39:48 Info: Reusing file C:/Users/grue/OneDrive - Kansas State University/Documents/Courses/ECE 643/DE1-SoC_Computer/DE1-SoC_Computer_KSU/quartus/Computer_System/simulation/submodules
Info: 2023.09.25.09:39:48 Info: border: "hps_io" instantiated altera_interface_generator "border"
Info: 2023.09.25.09:39:48 Info: Reusing file C:/Users/grue/OneDrive - Kansas State University/Documents/Courses/ECE 643/DE1-SoC_Computer/DE1-SoC_Computer_KSU/quartus/Computer_System/simulation/submodules
Info: 2023.09.25.09:39:48 Info: Reusing file C:/Users/grue/OneDrive - Kansas State University/Documents/Courses/ECE 643/DE1-SoC_Computer/DE1-SoC_Computer_KSU/quartus/Computer_System/simulation/submodules
Info: 2023.09.25.09:39:48 Info: Reusing file C:/Users/grue/OneDrive - Kansas State University/Documents/Courses/ECE 643/DE1-SoC_Computer/DE1-SoC_Computer_KSU/quartus/Computer_System/simulation/submodules
Info: 2023.09.25.09:39:48 Info: Reusing file C:/Users/grue/OneDrive - Kansas State University/Documents/Courses/ECE 643/DE1-SoC_Computer/DE1-SoC_Computer_KSU/quartus/Computer_System/simulation/submodules
Info: 2023.09.25.09:39:48 Info: Reusing file C:/Users/grue/OneDrive - Kansas State University/Documents/Courses/ECE 643/DE1-SoC_Computer/DE1-SoC_Computer_KSU/quartus/Computer_System/simulation/submodules
Info: 2023.09.25.09:39:48 Info: Reusing file C:/Users/grue/OneDrive - Kansas State University/Documents/Courses/ECE 643/DE1-SoC_Computer/DE1-SoC_Computer_KSU/quartus/Computer_System/simulation/submodules
Info: 2023.09.25.09:39:48 Info: Reusing file C:/Users/grue/OneDrive - Kansas State University/Documents/Courses/ECE 643/DE1-SoC_Computer/DE1-SoC_Computer_KSU/quartus/Computer_System/simulation/submodules
Info: 2023.09.25.09:39:48 Info: video_pll: Generating simgen model
Info: 2023.09.25.09:40:02 Info: video_pll: Simgen was successful
Info: 2023.09.25.09:40:02 Info: video_pll: "VGA_PLL" instantiated altera_pll "video_pll"
Info: 2023.09.25.09:40:02 Info: error_adapter_0: "avalon_st_adapter" instantiated error_adapter "error_adapter_0"
Info: 2023.09.25.09:40:02 Info: error_adapter_0: "avalon_st_adapter_001" instantiated error_adapter "error_adapter_0"
Info: 2023.09.25.09:40:02 Info: error_adapter_0: "avalon_st_adapter_002" instantiated error_adapter "error_adapter_0"
Info: 2023.09.25.09:40:02 Info: Computer_System: Done "Computer_System" with 85 modules, 135 files
Info: 2023.09.25.09:40:02 Info: qsys-generate succeeded.
Info: 2023.09.25.09:40:02 Info: Finished: Create simulation model
Info: 2023.09.25.09:40:02 Info: Starting: Create Modelsim Project.
Info: 2023.09.25.09:40:02 Info: Doing: ip-make-simscript --spd=C:\Users\grue\OneDrive - Kansas State University\Documents\Courses\ECE 643\DE1-SoC_Computer\DE1-SoC_Computer_KSU\quartus\Computer_System\Computer_System.spd --output-directory=C:/Users/grue/OneDrive - Kansas State University/Documents/Courses/ECE 643/DE1-SoC_Computer/DE1-SoC_Computer_KSU/quartus/Computer_System/simulation
Info: 2023.09.25.09:40:03 Info: Generating the following file(s) for MODELSIM simulator in C:/Users/grue/OneDrive - Kansas State University/Documents/Courses/ECE 643/DE1-SoC_Computer/DE1-SoC_Computer_KSU/quartus/Computer_System/simulation
Info: 2023.09.25.09:40:03 Info:     mentor
Info: 2023.09.25.09:40:03 Info: Generating the following file(s) for VCS simulator in C:/Users/grue/OneDrive - Kansas State University/Documents/Courses/ECE 643/DE1-SoC_Computer/DE1-SoC_Computer_KSU/quartus/Computer_System/simulation
Info: 2023.09.25.09:40:03 Info:     synopsys/vcs
Info: 2023.09.25.09:40:03 Info: Generating the following file(s) for VCSMX simulator in C:/Users/grue/OneDrive - Kansas State University/Documents/Courses/ECE 643/DE1-SoC_Computer/DE1-SoC_Computer_KSU/quartus/Computer_System/simulation
Info: 2023.09.25.09:40:03 Info:     synopsys/vcsmx
Info: 2023.09.25.09:40:03 Info:     synopsys/vcsmx
Info: 2023.09.25.09:40:03 Info: Generating the following file(s) for NCSIM simulator in C:/Users/grue/OneDrive - Kansas State University/Documents/Courses/ECE 643/DE1-SoC_Computer/DE1-SoC_Computer_KSU/quartus/Computer_System/simulation
Info: 2023.09.25.09:40:03 Info:     cadence
Info: 2023.09.25.09:40:03 Info:     cadence
Info: 2023.09.25.09:40:03 Info:     cadence
Info: 2023.09.25.09:40:03 Info:     71 .cds.lib files in cadence/cds_libs
Info: 2023.09.25.09:40:03 Info: Generating the following file(s) for RIVIERA simulator in C:/Users/grue/OneDrive - Kansas State University/Documents/Courses/ECE 643/DE1-SoC_Computer/DE1-SoC_Computer_KSU/quartus/Computer_System/simulation
Info: 2023.09.25.09:40:03 Info:     aldec
Info: 2023.09.25.09:40:03 Info: For information on how to simulate your IP, see the explanatory comments in the simulator-specific subdirectories under C:/Users/grue/OneDrive - Kansas State University/Documents/Courses/ECE 643/DE1-SoC_Computer/DE1-SoC_Computer_KSU/quartus/Computer_System/simulation
Info: 2023.09.25.09:40:03 Info: Regenerate these scripts whenever you make any change to any Quartus-generated IP in your project.
Info: 2023.09.25.09:40:03 Info: Finished: Create Modelsim Project.
Info: 2023.09.25.09:40:03 Info: Starting: Create block symbol file (.bsf)
Info: 2023.09.25.09:40:03 Info: qsys-generate "C:\Users\grue\OneDrive - Kansas State University\Documents\Courses\ECE 643\DE1-SoC_Computer\DE1-SoC_Computer_KSU\quartus\Computer_System.qsys" --block-symbol-file --output-directory="C:\Users\grue\OneDrive - Kansas State University\Documents\Courses\ECE 643\DE1-SoC_Computer\DE1-SoC_Computer_KSU\quartus\Computer_System" --family="Cyclone V" --part=5CSEMA5F31C6
Info: 2023.09.25.09:40:03 Info: Loading quartus
Info: 2023.09.25.09:40:04 Info: Reading input file
Info: 2023.09.25.09:40:04 Info: Adding ARM_A9_HPS [altera_hps 18.1]
Info: 2023.09.25.09:40:04 Info: Parameterizing module ARM_A9_HPS
Info: 2023.09.25.09:40:04 Info: Adding AV_Config [altera_up_avalon_audio_and_video_config 18.0]
Info: 2023.09.25.09:40:04 Info: Parameterizing module AV_Config
Info: 2023.09.25.09:40:04 Info: Adding Audio [altera_up_avalon_audio 18.0]
Info: 2023.09.25.09:40:04 Info: Parameterizing module Audio
Info: 2023.09.25.09:40:04 Info: Adding Audio_ADCL_Dat [altera_avalon_pio 18.1]
Info: 2023.09.25.09:40:04 Info: Parameterizing module Audio_ADCL_Dat
Info: 2023.09.25.09:40:04 Info: Adding Audio_DACL_Dat [altera_avalon_pio 18.1]
Info: 2023.09.25.09:40:04 Info: Parameterizing module Audio_DACL_Dat
Info: 2023.09.25.09:40:04 Info: Adding Audio_Subsystem [Audio_Subsystem 1.0]
Info: 2023.09.25.09:40:05 Info: Parameterizing module Audio_Subsystem
Info: 2023.09.25.09:40:05 Info: Adding Audio_ctrl [altera_avalon_pio 18.1]
Info: 2023.09.25.09:40:05 Info: Parameterizing module Audio_ctrl
Info: 2023.09.25.09:40:05 Info: Adding Audio_space [altera_avalon_pio 18.1]
Info: 2023.09.25.09:40:05 Info: Parameterizing module Audio_space
Info: 2023.09.25.09:40:05 Info: Adding Expansion_JP1 [altera_avalon_pio 18.1]
Info: 2023.09.25.09:40:05 Info: Parameterizing module Expansion_JP1
Info: 2023.09.25.09:40:05 Info: Adding Expansion_JP2 [altera_avalon_pio 18.1]
Info: 2023.09.25.09:40:05 Info: Parameterizing module Expansion_JP2
Info: 2023.09.25.09:40:05 Info: Adding F2H_Mem_Window_00000000 [altera_address_span_extender 18.1]
Info: 2023.09.25.09:40:05 Info: Parameterizing module F2H_Mem_Window_00000000
Info: 2023.09.25.09:40:05 Info: Adding F2H_Mem_Window_FF600000 [altera_address_span_extender 18.1]
Info: 2023.09.25.09:40:05 Info: Parameterizing module F2H_Mem_Window_FF600000
Info: 2023.09.25.09:40:05 Info: Adding F2H_Mem_Window_FF800000 [altera_address_span_extender 18.1]
Info: 2023.09.25.09:40:05 Info: Parameterizing module F2H_Mem_Window_FF800000
Info: 2023.09.25.09:40:05 Info: Adding HEX3_HEX0 [altera_avalon_pio 18.1]
Info: 2023.09.25.09:40:05 Info: Parameterizing module HEX3_HEX0
Info: 2023.09.25.09:40:05 Info: Adding HEX5_HEX4 [altera_avalon_pio 18.1]
Info: 2023.09.25.09:40:05 Info: Parameterizing module HEX5_HEX4
Info: 2023.09.25.09:40:05 Info: Adding Interval_Timer [altera_avalon_timer 18.1]
Info: 2023.09.25.09:40:05 Info: Parameterizing module Interval_Timer
Info: 2023.09.25.09:40:05 Info: Adding Interval_Timer_2 [altera_avalon_timer 18.1]
Info: 2023.09.25.09:40:05 Info: Parameterizing module Interval_Timer_2
Info: 2023.09.25.09:40:05 Info: Adding Interval_Timer_2nd_Core [altera_avalon_timer 18.1]
Info: 2023.09.25.09:40:05 Info: Parameterizing module Interval_Timer_2nd_Core
Info: 2023.09.25.09:40:05 Info: Adding Interval_Timer_2nd_Core_2 [altera_avalon_timer 18.1]
Info: 2023.09.25.09:40:05 Info: Parameterizing module Interval_Timer_2nd_Core_2
Info: 2023.09.25.09:40:05 Info: Adding IrDA [altera_up_avalon_irda 18.0]
Info: 2023.09.25.09:40:05 Info: Parameterizing module IrDA
Info: 2023.09.25.09:40:05 Info: Adding JTAG_UART [altera_avalon_jtag_uart 18.1]
Info: 2023.09.25.09:40:05 Info: Parameterizing module JTAG_UART
Info: 2023.09.25.09:40:05 Info: Adding JTAG_UART_2nd_Core [altera_avalon_jtag_uart 18.1]
Info: 2023.09.25.09:40:05 Info: Parameterizing module JTAG_UART_2nd_Core
Info: 2023.09.25.09:40:05 Info: Adding JTAG_UART_for_ARM_0 [altera_avalon_jtag_uart 18.1]
Info: 2023.09.25.09:40:05 Info: Parameterizing module JTAG_UART_for_ARM_0
Info: 2023.09.25.09:40:05 Info: Adding JTAG_UART_for_ARM_1 [altera_avalon_jtag_uart 18.1]
Info: 2023.09.25.09:40:05 Info: Parameterizing module JTAG_UART_for_ARM_1
Info: 2023.09.25.09:40:05 Info: Adding JTAG_to_FPGA_Bridge [altera_jtag_avalon_master 18.1]
Info: 2023.09.25.09:40:05 Info: Parameterizing module JTAG_to_FPGA_Bridge
Info: 2023.09.25.09:40:05 Info: Adding JTAG_to_HPS_Bridge [altera_jtag_avalon_master 18.1]
Info: 2023.09.25.09:40:05 Info: Parameterizing module JTAG_to_HPS_Bridge
Info: 2023.09.25.09:40:05 Info: Adding LEDs [altera_avalon_pio 18.1]
Info: 2023.09.25.09:40:05 Info: Parameterizing module LEDs
Info: 2023.09.25.09:40:05 Info: Adding Nios2 [altera_nios2_gen2 18.1]
Info: 2023.09.25.09:40:05 Info: Parameterizing module Nios2
Info: 2023.09.25.09:40:05 Info: Adding Nios2_2nd_Core [altera_nios2_gen2 18.1]
Info: 2023.09.25.09:40:05 Info: Parameterizing module Nios2_2nd_Core
Info: 2023.09.25.09:40:05 Info: Adding Nios2_Floating_Point [altera_nios_custom_instr_floating_point 18.1]
Info: 2023.09.25.09:40:05 Info: Parameterizing module Nios2_Floating_Point
Info: 2023.09.25.09:40:05 Info: Adding Nios2_Floating_Point_2nd_Core [altera_nios_custom_instr_floating_point 18.1]
Info: 2023.09.25.09:40:05 Info: Parameterizing module Nios2_Floating_Point_2nd_Core
Info: 2023.09.25.09:40:05 Info: Adding Onchip_SRAM [altera_avalon_onchip_memory2 18.1]
Info: 2023.09.25.09:40:05 Info: Parameterizing module Onchip_SRAM
Info: 2023.09.25.09:40:05 Info: Adding PS2_Port [altera_up_avalon_ps2 18.0]
Info: 2023.09.25.09:40:05 Info: Parameterizing module PS2_Port
Info: 2023.09.25.09:40:05 Info: Adding PS2_Port_Dual [altera_up_avalon_ps2 18.0]
Info: 2023.09.25.09:40:05 Info: Parameterizing module PS2_Port_Dual
Info: 2023.09.25.09:40:05 Info: Adding Pixel_DMA_Addr_Translation [altera_up_avalon_video_dma_ctrl_addr_trans 18.0]
Info: 2023.09.25.09:40:05 Info: Parameterizing module Pixel_DMA_Addr_Translation
Info: 2023.09.25.09:40:05 Info: Adding Pushbuttons [altera_avalon_pio 18.1]
Info: 2023.09.25.09:40:05 Info: Parameterizing module Pushbuttons
Info: 2023.09.25.09:40:05 Info: Adding SDRAM [altera_avalon_new_sdram_controller 18.1]
Info: 2023.09.25.09:40:05 Info: Parameterizing module SDRAM
Info: 2023.09.25.09:40:05 Info: Adding Slider_Switches [altera_avalon_pio 18.1]
Info: 2023.09.25.09:40:05 Info: Parameterizing module Slider_Switches
Info: 2023.09.25.09:40:05 Info: Adding SysID [altera_avalon_sysid_qsys 18.1]
Info: 2023.09.25.09:40:05 Info: Parameterizing module SysID
Info: 2023.09.25.09:40:05 Info: Adding System_PLL [altera_up_avalon_sys_sdram_pll 18.0]
Info: 2023.09.25.09:40:05 Info: Parameterizing module System_PLL
Info: 2023.09.25.09:40:05 Info: Adding VGA_Subsystem [VGA_Subsystem 1.0]
Info: 2023.09.25.09:40:06 Info: Parameterizing module VGA_Subsystem
Info: 2023.09.25.09:40:06 Info: Adding audio_pll_0 [altera_up_avalon_audio_pll 18.0]
Info: 2023.09.25.09:40:06 Info: Parameterizing module audio_pll_0
Info: 2023.09.25.09:40:06 Info: Building connections
Info: 2023.09.25.09:40:06 Info: Parameterizing connections
Info: 2023.09.25.09:40:06 Info: Validating
Info: 2023.09.25.09:40:16 Info: Done reading input file
Info: 2023.09.25.09:40:21 Info: Computer_System.ARM_A9_HPS: HPS Main PLL counter settings: n = 0  m = 73
Info: 2023.09.25.09:40:21 Info: Computer_System.ARM_A9_HPS: HPS peripherial PLL counter settings: n = 0  m = 39
Warning: 2023.09.25.09:40:21 Warning: Computer_System.ARM_A9_HPS: "QSPI clock frequency" (desired_qspi_clk_mhz) requested 400.0 MHz, but only achieved 370.0 MHz
Warning: 2023.09.25.09:40:21 Warning: Computer_System.ARM_A9_HPS: 1 or more output clock frequencies cannot be achieved precisely, consider revising desired output clock frequencies.
Info: 2023.09.25.09:40:21 Info: Computer_System.Audio_ADCL_Dat: PIO inputs are not hardwired in test bench. Undefined values will be read from PIO inputs during simulation.
Info: 2023.09.25.09:40:21 Info: Computer_System.Audio_space: PIO inputs are not hardwired in test bench. Undefined values will be read from PIO inputs during simulation.
Warning: 2023.09.25.09:40:21 Warning: Computer_System.Pixel_DMA_Addr_Translation.master: Master needs a minimum address width of 3 bits (has 2)
Info: 2023.09.25.09:40:21 Info: Computer_System.SDRAM: SDRAM Controller will only be supported in Quartus Prime Standard Edition in the future release.
Info: 2023.09.25.09:40:21 Info: Computer_System.SysID: System ID is not assigned automatically. Edit the System ID parameter to provide a unique ID
Info: 2023.09.25.09:40:21 Info: Computer_System.SysID: Time stamp will be automatically updated when this component is generated.
Info: 2023.09.25.09:40:21 Info: Computer_System.System_PLL: Refclk Freq: 50.0
Info: 2023.09.25.09:40:21 Info: Computer_System.VGA_Subsystem.VGA_Char_Buffer: Character Resolution: 80 x 60
Info: 2023.09.25.09:40:21 Info: Computer_System.VGA_Subsystem.VGA_Controller: Video Output Stream: Format: 640 x 480 with Color: 10 (bits) x 3 (planes) converted to 8 (bits) per color plane
Info: 2023.09.25.09:40:21 Info: Computer_System.VGA_Subsystem.VGA_Pixel_RGB_Resampler: RGB Resampling: 8 (bits) x 1 (planes) -> 10 (bits) x 3 (planes)
Warning: 2023.09.25.09:40:21 Warning: Computer_System.VGA_Subsystem.VGA_Pixel_RGB_Resampler: VGA_Pixel_RGB_Resampler.avalon_rgb_slave must be connected to an Avalon-MM master
Warning: 2023.09.25.09:40:21 Warning: Computer_System.F2H_Mem_Window_00000000: F2H_Mem_Window_00000000.windowed_slave must be connected to an Avalon-MM master
Warning: 2023.09.25.09:40:21 Warning: Computer_System.F2H_Mem_Window_FF600000: F2H_Mem_Window_FF600000.windowed_slave must be connected to an Avalon-MM master
Warning: 2023.09.25.09:40:21 Warning: Computer_System.F2H_Mem_Window_FF800000: F2H_Mem_Window_FF800000.windowed_slave must be connected to an Avalon-MM master
Info: 2023.09.25.09:40:22 Info: qsys-generate succeeded.
Info: 2023.09.25.09:40:22 Info: Finished: Create block symbol file (.bsf)
2023.09.25.09:40:22 Info:
Info: 2023.09.25.09:40:22 Info: Starting: Create HDL design files for synthesis
Info: 2023.09.25.09:40:22 Info: qsys-generate "C:\Users\grue\OneDrive - Kansas State University\Documents\Courses\ECE 643\DE1-SoC_Computer\DE1-SoC_Computer_KSU\quartus\Computer_System.qsys" --synthesis=VERILOG --output-directory="C:\Users\grue\OneDrive - Kansas State University\Documents\Courses\ECE 643\DE1-SoC_Computer\DE1-SoC_Computer_KSU\quartus\Computer_System\synthesis" --family="Cyclone V" --part=5CSEMA5F31C6
Info: 2023.09.25.09:40:22 Info: Loading quartus
Info: 2023.09.25.09:40:22 Info: Reading input file
Info: 2023.09.25.09:40:22 Info: Adding ARM_A9_HPS [altera_hps 18.1]
Info: 2023.09.25.09:40:22 Info: Parameterizing module ARM_A9_HPS
Info: 2023.09.25.09:40:22 Info: Adding AV_Config [altera_up_avalon_audio_and_video_config 18.0]
Info: 2023.09.25.09:40:22 Info: Parameterizing module AV_Config
Info: 2023.09.25.09:40:22 Info: Adding Audio [altera_up_avalon_audio 18.0]
Info: 2023.09.25.09:40:22 Info: Parameterizing module Audio
Info: 2023.09.25.09:40:22 Info: Adding Audio_ADCL_Dat [altera_avalon_pio 18.1]
Info: 2023.09.25.09:40:22 Info: Parameterizing module Audio_ADCL_Dat
Info: 2023.09.25.09:40:22 Info: Adding Audio_DACL_Dat [altera_avalon_pio 18.1]
Info: 2023.09.25.09:40:22 Info: Parameterizing module Audio_DACL_Dat
Info: 2023.09.25.09:40:22 Info: Adding Audio_Subsystem [Audio_Subsystem 1.0]
Info: 2023.09.25.09:40:23 Info: Parameterizing module Audio_Subsystem
Info: 2023.09.25.09:40:23 Info: Adding Audio_ctrl [altera_avalon_pio 18.1]
Info: 2023.09.25.09:40:23 Info: Parameterizing module Audio_ctrl
Info: 2023.09.25.09:40:23 Info: Adding Audio_space [altera_avalon_pio 18.1]
Info: 2023.09.25.09:40:23 Info: Parameterizing module Audio_space
Info: 2023.09.25.09:40:23 Info: Adding Expansion_JP1 [altera_avalon_pio 18.1]
Info: 2023.09.25.09:40:23 Info: Parameterizing module Expansion_JP1
Info: 2023.09.25.09:40:23 Info: Adding Expansion_JP2 [altera_avalon_pio 18.1]
Info: 2023.09.25.09:40:23 Info: Parameterizing module Expansion_JP2
Info: 2023.09.25.09:40:23 Info: Adding F2H_Mem_Window_00000000 [altera_address_span_extender 18.1]
Info: 2023.09.25.09:40:23 Info: Parameterizing module F2H_Mem_Window_00000000
Info: 2023.09.25.09:40:23 Info: Adding F2H_Mem_Window_FF600000 [altera_address_span_extender 18.1]
Info: 2023.09.25.09:40:23 Info: Parameterizing module F2H_Mem_Window_FF600000
Info: 2023.09.25.09:40:23 Info: Adding F2H_Mem_Window_FF800000 [altera_address_span_extender 18.1]
Info: 2023.09.25.09:40:23 Info: Parameterizing module F2H_Mem_Window_FF800000
Info: 2023.09.25.09:40:23 Info: Adding HEX3_HEX0 [altera_avalon_pio 18.1]
Info: 2023.09.25.09:40:23 Info: Parameterizing module HEX3_HEX0
Info: 2023.09.25.09:40:23 Info: Adding HEX5_HEX4 [altera_avalon_pio 18.1]
Info: 2023.09.25.09:40:23 Info: Parameterizing module HEX5_HEX4
Info: 2023.09.25.09:40:23 Info: Adding Interval_Timer [altera_avalon_timer 18.1]
Info: 2023.09.25.09:40:23 Info: Parameterizing module Interval_Timer
Info: 2023.09.25.09:40:23 Info: Adding Interval_Timer_2 [altera_avalon_timer 18.1]
Info: 2023.09.25.09:40:23 Info: Parameterizing module Interval_Timer_2
Info: 2023.09.25.09:40:23 Info: Adding Interval_Timer_2nd_Core [altera_avalon_timer 18.1]
Info: 2023.09.25.09:40:23 Info: Parameterizing module Interval_Timer_2nd_Core
Info: 2023.09.25.09:40:23 Info: Adding Interval_Timer_2nd_Core_2 [altera_avalon_timer 18.1]
Info: 2023.09.25.09:40:23 Info: Parameterizing module Interval_Timer_2nd_Core_2
Info: 2023.09.25.09:40:23 Info: Adding IrDA [altera_up_avalon_irda 18.0]
Info: 2023.09.25.09:40:23 Info: Parameterizing module IrDA
Info: 2023.09.25.09:40:23 Info: Adding JTAG_UART [altera_avalon_jtag_uart 18.1]
Info: 2023.09.25.09:40:23 Info: Parameterizing module JTAG_UART
Info: 2023.09.25.09:40:23 Info: Adding JTAG_UART_2nd_Core [altera_avalon_jtag_uart 18.1]
Info: 2023.09.25.09:40:23 Info: Parameterizing module JTAG_UART_2nd_Core
Info: 2023.09.25.09:40:23 Info: Adding JTAG_UART_for_ARM_0 [altera_avalon_jtag_uart 18.1]
Info: 2023.09.25.09:40:23 Info: Parameterizing module JTAG_UART_for_ARM_0
Info: 2023.09.25.09:40:23 Info: Adding JTAG_UART_for_ARM_1 [altera_avalon_jtag_uart 18.1]
Info: 2023.09.25.09:40:23 Info: Parameterizing module JTAG_UART_for_ARM_1
Info: 2023.09.25.09:40:23 Info: Adding JTAG_to_FPGA_Bridge [altera_jtag_avalon_master 18.1]
Info: 2023.09.25.09:40:23 Info: Parameterizing module JTAG_to_FPGA_Bridge
Info: 2023.09.25.09:40:23 Info: Adding JTAG_to_HPS_Bridge [altera_jtag_avalon_master 18.1]
Info: 2023.09.25.09:40:23 Info: Parameterizing module JTAG_to_HPS_Bridge
Info: 2023.09.25.09:40:23 Info: Adding LEDs [altera_avalon_pio 18.1]
Info: 2023.09.25.09:40:23 Info: Parameterizing module LEDs
Info: 2023.09.25.09:40:23 Info: Adding Nios2 [altera_nios2_gen2 18.1]
Info: 2023.09.25.09:40:23 Info: Parameterizing module Nios2
Info: 2023.09.25.09:40:23 Info: Adding Nios2_2nd_Core [altera_nios2_gen2 18.1]
Info: 2023.09.25.09:40:23 Info: Parameterizing module Nios2_2nd_Core
Info: 2023.09.25.09:40:23 Info: Adding Nios2_Floating_Point [altera_nios_custom_instr_floating_point 18.1]
Info: 2023.09.25.09:40:23 Info: Parameterizing module Nios2_Floating_Point
Info: 2023.09.25.09:40:23 Info: Adding Nios2_Floating_Point_2nd_Core [altera_nios_custom_instr_floating_point 18.1]
Info: 2023.09.25.09:40:23 Info: Parameterizing module Nios2_Floating_Point_2nd_Core
Info: 2023.09.25.09:40:23 Info: Adding Onchip_SRAM [altera_avalon_onchip_memory2 18.1]
Info: 2023.09.25.09:40:23 Info: Parameterizing module Onchip_SRAM
Info: 2023.09.25.09:40:23 Info: Adding PS2_Port [altera_up_avalon_ps2 18.0]
Info: 2023.09.25.09:40:23 Info: Parameterizing module PS2_Port
Info: 2023.09.25.09:40:23 Info: Adding PS2_Port_Dual [altera_up_avalon_ps2 18.0]
Info: 2023.09.25.09:40:23 Info: Parameterizing module PS2_Port_Dual
Info: 2023.09.25.09:40:23 Info: Adding Pixel_DMA_Addr_Translation [altera_up_avalon_video_dma_ctrl_addr_trans 18.0]
Info: 2023.09.25.09:40:23 Info: Parameterizing module Pixel_DMA_Addr_Translation
Info: 2023.09.25.09:40:23 Info: Adding Pushbuttons [altera_avalon_pio 18.1]
Info: 2023.09.25.09:40:23 Info: Parameterizing module Pushbuttons
Info: 2023.09.25.09:40:23 Info: Adding SDRAM [altera_avalon_new_sdram_controller 18.1]
Info: 2023.09.25.09:40:23 Info: Parameterizing module SDRAM
Info: 2023.09.25.09:40:23 Info: Adding Slider_Switches [altera_avalon_pio 18.1]
Info: 2023.09.25.09:40:23 Info: Parameterizing module Slider_Switches
Info: 2023.09.25.09:40:23 Info: Adding SysID [altera_avalon_sysid_qsys 18.1]
Info: 2023.09.25.09:40:23 Info: Parameterizing module SysID
Info: 2023.09.25.09:40:23 Info: Adding System_PLL [altera_up_avalon_sys_sdram_pll 18.0]
Info: 2023.09.25.09:40:23 Info: Parameterizing module System_PLL
Info: 2023.09.25.09:40:23 Info: Adding VGA_Subsystem [VGA_Subsystem 1.0]
Info: 2023.09.25.09:40:24 Info: Parameterizing module VGA_Subsystem
Info: 2023.09.25.09:40:24 Info: Adding audio_pll_0 [altera_up_avalon_audio_pll 18.0]
Info: 2023.09.25.09:40:24 Info: Parameterizing module audio_pll_0
Info: 2023.09.25.09:40:24 Info: Building connections
Info: 2023.09.25.09:40:24 Info: Parameterizing connections
Info: 2023.09.25.09:40:24 Info: Validating
Info: 2023.09.25.09:40:35 Info: Done reading input file
Info: 2023.09.25.09:40:39 Info: Computer_System.ARM_A9_HPS: HPS Main PLL counter settings: n = 0  m = 73
Warning: 2023.09.25.09:40:39 Warning: Computer_System.ARM_A9_HPS: "QSPI clock frequency" (desired_qspi_clk_mhz) requested 400.0 MHz, but only achieved 370.0 MHz
Warning: 2023.09.25.09:40:39 Warning: Computer_System.ARM_A9_HPS: 1 or more output clock frequencies cannot be achieved precisely, consider revising desired output clock frequencies.
Info: 2023.09.25.09:40:39 Info: Computer_System.Audio_ADCL_Dat: PIO inputs are not hardwired in test bench. Undefined values will be read from PIO inputs during simulation.
Info: 2023.09.25.09:40:39 Info: Computer_System.Audio_space: PIO inputs are not hardwired in test bench. Undefined values will be read from PIO inputs during simulation.
Warning: 2023.09.25.09:40:39 Warning: Computer_System.Pixel_DMA_Addr_Translation.master: Master needs a minimum address width of 3 bits (has 2)
Info: 2023.09.25.09:40:39 Info: Computer_System.SDRAM: SDRAM Controller will only be supported in Quartus Prime Standard Edition in the future release.
Info: 2023.09.25.09:40:39 Info: Computer_System.SysID: System ID is not assigned automatically. Edit the System ID parameter to provide a unique ID
Info: 2023.09.25.09:40:39 Info: Computer_System.SysID: Time stamp will be automatically updated when this component is generated.
Info: 2023.09.25.09:40:39 Info: Computer_System.System_PLL: Refclk Freq: 50.0
Info: 2023.09.25.09:40:39 Info: Computer_System.VGA_Subsystem.VGA_Char_Buffer: Character Resolution: 80 x 60
Info: 2023.09.25.09:40:39 Info: Computer_System.VGA_Subsystem.VGA_Controller: Video Output Stream: Format: 640 x 480 with Color: 10 (bits) x 3 (planes) converted to 8 (bits) per color plane
2023.09.25.09:40:39 Info: Computer_System.VGA_Subsystem.VGA_Pixel_RGB_Resampler: RGB Resampling: 8 (bits) x 1 (planes) -> 10 (bits) x 3 (planes)
Warning: 2023.09.25.09:40:39 Warning: Computer_System.VGA_Subsystem.VGA_Pixel_RGB_Resampler: VGA_Pixel_RGB_Resampler.avalon_rgb_slave must be connected to an Avalon-MM master
Warning: 2023.09.25.09:40:39 Warning: Computer_System.F2H_Mem_Window_00000000: F2H_Mem_Window_00000000.windowed_slave must be connected to an Avalon-MM master
Warning: 2023.09.25.09:40:39 Warning: Computer_System.F2H_Mem_Window_FF600000: F2H_Mem_Window_FF600000.windowed_slave must be connected to an Avalon-MM master
Warning: 2023.09.25.09:40:39 Warning: Computer_System.F2H_Mem_Window_FF800000: F2H_Mem_Window_FF800000.windowed_slave must be connected to an Avalon-MM master
Info: 2023.09.25.09:40:41 Info: Computer_System: Generating Computer_System "Computer_System" for QUARTUS_SYNTH
Info: 2023.09.25.09:40:52 Info: Interconnect is inserted between master Pixel_DMA_Addr_Translation.master and slave VGA_Subsystem.pixel_dma_control_slave because the master has waitrequest signal 1 bit wide, but the slave is 0 bit wide.
Warning: 2023.09.25.09:40:52 Warning: ARM_A9_HPS.f2h_irq0: Cannot connect clock for irq_mapper.sender
Warning: 2023.09.25.09:40:52 Warning: ARM_A9_HPS.f2h_irq0: Cannot connect reset for irq_mapper.sender
Warning: 2023.09.25.09:40:52 Warning: ARM_A9_HPS.f2h_irq1: Cannot connect clock for irq_mapper_001.sender
Warning: 2023.09.25.09:40:52 Warning: ARM_A9_HPS.f2h_irq1: Cannot connect reset for irq_mapper_001.sender
Info: 2023.09.25.09:41:00 Info: ARM_A9_HPS: "Running  for module: ARM_A9_HPS"
Info: 2023.09.25.09:41:01 Info: ARM_A9_HPS: HPS Main PLL counter settings: n = 0  m = 73
Info: 2023.09.25.09:41:01 Info: ARM_A9_HPS: HPS peripherial PLL counter settings: n = 0  m = 39
Warning: 2023.09.25.09:41:01 Warning: ARM_A9_HPS: "QSPI clock frequency" (desired_qspi_clk_mhz) requested 400.0 MHz, but only achieved 370.0 MHz
Warning: 2023.09.25.09:41:01 Warning: ARM_A9_HPS: 1 or more output clock frequencies cannot be achieved precisely, consider revising desired output clock frequencies.
Info: 2023.09.25.09:41:04 Info: ARM_A9_HPS: "Computer_System" instantiated altera_hps "ARM_A9_HPS"
Info: 2023.09.25.09:41:04 Info: AV_Config: Starting Generation of Audio and Video Config
Info: 2023.09.25.09:41:04 Info: AV_Config: "Computer_System" instantiated altera_up_avalon_audio_and_video_config "AV_Config"
Info: 2023.09.25.09:41:04 Info: Audio_ADCL_Dat: Starting RTL generation for module 'Computer_System_Audio_ADCL_Dat'
Info: 2023.09.25.09:41:04 Info: Audio_ADCL_Dat:   Generation command is [exec C:/intelfpga_lite/18.1/quartus/bin64/perl/bin/perl.exe -I C:/intelfpga_lite/18.1/quartus/bin64/perl/lib -I C:/intelfpga_lite/18.1/quartus/sopc_builder/bin/europa -I C:/intelfpga_lite/18.1/quartus/sopc_builder/bin/perl_lib -I C:/intelfpga_lite/18.1/quartus/sopc_builder/bin -I C:/intelfpga_lite/18.1/quartus/../ip/altera/sopc_builder_ip/common -I C:/intelfpga_lite/18.1/quartus/../ip/altera/sopc_builder_ip/altera_avalon_pio -- C:/intelfpga_lite/18.1/quartus/../ip/altera/sopc_builder_ip/altera_avalon_pio/generate_rtl.pl --name=Computer_System_Audio_ADCL_Dat --dir=C:/Users/grue/AppData/Local/Temp/alt9625_1444785780309712673.dir/0076_Audio_ADCL_Dat_gen/ --quartus_dir=C:/intelfpga_lite/18.1/quartus --verilog --config=C:/Users/grue/AppData/Local/Temp/alt9625_1444785780309712673.dir/0076_Audio_ADCL_Dat_gen/
Info: 2023.09.25.09:41:04 Info: Audio_ADCL_Dat: Done RTL generation for module 'Computer_System_Audio_ADCL_Dat'
Info: 2023.09.25.09:41:04 Info: Audio_ADCL_Dat: "Computer_System" instantiated altera_avalon_pio "Audio_ADCL_Dat"
Info: 2023.09.25.09:41:04 Info: Audio_DACL_Dat: Starting RTL generation for module 'Computer_System_Audio_DACL_Dat'
Info: 2023.09.25.09:41:04 Info: Audio_DACL_Dat:   Generation command is [exec C:/intelfpga_lite/18.1/quartus/bin64/perl/bin/perl.exe -I C:/intelfpga_lite/18.1/quartus/bin64/perl/lib -I C:/intelfpga_lite/18.1/quartus/sopc_builder/bin/europa -I C:/intelfpga_lite/18.1/quartus/sopc_builder/bin/perl_lib -I C:/intelfpga_lite/18.1/quartus/sopc_builder/bin -I C:/intelfpga_lite/18.1/quartus/../ip/altera/sopc_builder_ip/common -I C:/intelfpga_lite/18.1/quartus/../ip/altera/sopc_builder_ip/altera_avalon_pio -- C:/intelfpga_lite/18.1/quartus/../ip/altera/sopc_builder_ip/altera_avalon_pio/generate_rtl.pl --name=Computer_System_Audio_DACL_Dat --dir=C:/Users/grue/AppData/Local/Temp/alt9625_1444785780309712673.dir/0077_Audio_DACL_Dat_gen/ --quartus_dir=C:/intelfpga_lite/18.1/quartus --verilog --config=C:/Users/grue/AppData/Local/Temp/alt9625_1444785780309712673.dir/0077_Audio_DACL_Dat_gen/
Info: 2023.09.25.09:41:04 Info: Audio_DACL_Dat: Done RTL generation for module 'Computer_System_Audio_DACL_Dat'
Info: 2023.09.25.09:41:04 Info: Audio_DACL_Dat: "Computer_System" instantiated altera_avalon_pio "Audio_DACL_Dat"
Info: 2023.09.25.09:41:04 Info: Audio_ctrl: Starting RTL generation for module 'Computer_System_Audio_ctrl'
Info: 2023.09.25.09:41:04 Info: Audio_ctrl:   Generation command is [exec C:/intelfpga_lite/18.1/quartus/bin64/perl/bin/perl.exe -I C:/intelfpga_lite/18.1/quartus/bin64/perl/lib -I C:/intelfpga_lite/18.1/quartus/sopc_builder/bin/europa -I C:/intelfpga_lite/18.1/quartus/sopc_builder/bin/perl_lib -I C:/intelfpga_lite/18.1/quartus/sopc_builder/bin -I C:/intelfpga_lite/18.1/quartus/../ip/altera/sopc_builder_ip/common -I C:/intelfpga_lite/18.1/quartus/../ip/altera/sopc_builder_ip/altera_avalon_pio -- C:/intelfpga_lite/18.1/quartus/../ip/altera/sopc_builder_ip/altera_avalon_pio/generate_rtl.pl --name=Computer_System_Audio_ctrl --dir=C:/Users/grue/AppData/Local/Temp/alt9625_1444785780309712673.dir/0078_Audio_ctrl_gen/ --quartus_dir=C:/intelfpga_lite/18.1/quartus --verilog --config=C:/Users/grue/AppData/Local/Temp/alt9625_1444785780309712673.dir/0078_Audio_ctrl_gen/
Info: 2023.09.25.09:41:05 Info: Audio_ctrl: Done RTL generation for module 'Computer_System_Audio_ctrl'
Info: 2023.09.25.09:41:05 Info: Audio_ctrl: "Computer_System" instantiated altera_avalon_pio "Audio_ctrl"
Info: 2023.09.25.09:41:05 Info: Audio_space: Starting RTL generation for module 'Computer_System_Audio_space'
Info: 2023.09.25.09:41:05 Info: Audio_space:   Generation command is [exec C:/intelfpga_lite/18.1/quartus/bin64/perl/bin/perl.exe -I C:/intelfpga_lite/18.1/quartus/bin64/perl/lib -I C:/intelfpga_lite/18.1/quartus/sopc_builder/bin/europa -I C:/intelfpga_lite/18.1/quartus/sopc_builder/bin/perl_lib -I C:/intelfpga_lite/18.1/quartus/sopc_builder/bin -I C:/intelfpga_lite/18.1/quartus/../ip/altera/sopc_builder_ip/common -I C:/intelfpga_lite/18.1/quartus/../ip/altera/sopc_builder_ip/altera_avalon_pio -- C:/intelfpga_lite/18.1/quartus/../ip/altera/sopc_builder_ip/altera_avalon_pio/generate_rtl.pl --name=Computer_System_Audio_space --dir=C:/Users/grue/AppData/Local/Temp/alt9625_1444785780309712673.dir/0079_Audio_space_gen/ --quartus_dir=C:/intelfpga_lite/18.1/quartus --verilog --config=C:/Users/grue/AppData/Local/Temp/alt9625_1444785780309712673.dir/0079_Audio_space_gen/
Info: 2023.09.25.09:41:05 Info: Audio_space: Done RTL generation for module 'Computer_System_Audio_space'
Info: 2023.09.25.09:41:05 Info: Audio_space: "Computer_System" instantiated altera_avalon_pio "Audio_space"
Info: 2023.09.25.09:41:05 Info: F2H_Mem_Window_00000000: "Computer_System" instantiated altera_address_span_extender "F2H_Mem_Window_00000000"
Info: 2023.09.25.09:41:05 Info: HEX3_HEX0: Starting RTL generation for module 'Computer_System_HEX3_HEX0'
Info: 2023.09.25.09:41:05 Info: HEX3_HEX0:   Generation command is [exec C:/intelfpga_lite/18.1/quartus/bin64/perl/bin/perl.exe -I C:/intelfpga_lite/18.1/quartus/bin64/perl/lib -I C:/intelfpga_lite/18.1/quartus/sopc_builder/bin/europa -I C:/intelfpga_lite/18.1/quartus/sopc_builder/bin/perl_lib -I C:/intelfpga_lite/18.1/quartus/sopc_builder/bin -I C:/intelfpga_lite/18.1/quartus/../ip/altera/sopc_builder_ip/common -I C:/intelfpga_lite/18.1/quartus/../ip/altera/sopc_builder_ip/altera_avalon_pio -- C:/intelfpga_lite/18.1/quartus/../ip/altera/sopc_builder_ip/altera_avalon_pio/generate_rtl.pl --name=Computer_System_HEX3_HEX0 --dir=C:/Users/grue/AppData/Local/Temp/alt9625_1444785780309712673.dir/0081_HEX3_HEX0_gen/ --quartus_dir=C:/intelfpga_lite/18.1/quartus --verilog --config=C:/Users/grue/AppData/Local/Temp/alt9625_1444785780309712673.dir/0081_HEX3_HEX0_gen/
Info: 2023.09.25.09:41:05 Info: HEX3_HEX0: Done RTL generation for module 'Computer_System_HEX3_HEX0'
Info: 2023.09.25.09:41:05 Info: HEX3_HEX0: "Computer_System" instantiated altera_avalon_pio "HEX3_HEX0"
Info: 2023.09.25.09:41:05 Info: LEDs: Starting RTL generation for module 'Computer_System_LEDs'
Info: 2023.09.25.09:41:05 Info: LEDs:   Generation command is [exec C:/intelfpga_lite/18.1/quartus/bin64/perl/bin/perl.exe -I C:/intelfpga_lite/18.1/quartus/bin64/perl/lib -I C:/intelfpga_lite/18.1/quartus/sopc_builder/bin/europa -I C:/intelfpga_lite/18.1/quartus/sopc_builder/bin/perl_lib -I C:/intelfpga_lite/18.1/quartus/sopc_builder/bin -I C:/intelfpga_lite/18.1/quartus/../ip/altera/sopc_builder_ip/common -I C:/intelfpga_lite/18.1/quartus/../ip/altera/sopc_builder_ip/altera_avalon_pio -- C:/intelfpga_lite/18.1/quartus/../ip/altera/sopc_builder_ip/altera_avalon_pio/generate_rtl.pl --name=Computer_System_LEDs --dir=C:/Users/grue/AppData/Local/Temp/alt9625_1444785780309712673.dir/0082_LEDs_gen/ --quartus_dir=C:/intelfpga_lite/18.1/quartus --verilog --config=C:/Users/grue/AppData/Local/Temp/alt9625_1444785780309712673.dir/0082_LEDs_gen/
Info: 2023.09.25.09:41:05 Info: LEDs: Done RTL generation for module 'Computer_System_LEDs'
Info: 2023.09.25.09:41:05 Info: LEDs: "Computer_System" instantiated altera_avalon_pio "LEDs"
Info: 2023.09.25.09:41:05 Info: Onchip_SRAM: Starting RTL generation for module 'Computer_System_Onchip_SRAM'
Info: 2023.09.25.09:41:05 Info: Onchip_SRAM:   Generation command is [exec C:/intelfpga_lite/18.1/quartus/bin64/perl/bin/perl.exe -I C:/intelfpga_lite/18.1/quartus/bin64/perl/lib -I C:/intelfpga_lite/18.1/quartus/sopc_builder/bin/europa -I C:/intelfpga_lite/18.1/quartus/sopc_builder/bin/perl_lib -I C:/intelfpga_lite/18.1/quartus/sopc_builder/bin -I C:/intelfpga_lite/18.1/quartus/../ip/altera/sopc_builder_ip/common -I C:/intelfpga_lite/18.1/quartus/../ip/altera/sopc_builder_ip/altera_avalon_onchip_memory2 -- C:/intelfpga_lite/18.1/quartus/../ip/altera/sopc_builder_ip/altera_avalon_onchip_memory2/generate_rtl.pl --name=Computer_System_Onchip_SRAM --dir=C:/Users/grue/AppData/Local/Temp/alt9625_1444785780309712673.dir/0083_Onchip_SRAM_gen/ --quartus_dir=C:/intelfpga_lite/18.1/quartus --verilog --config=C:/Users/grue/AppData/Local/Temp/alt9625_1444785780309712673.dir/0083_Onchip_SRAM_gen/
Info: 2023.09.25.09:41:06 Info: Onchip_SRAM: Done RTL generation for module 'Computer_System_Onchip_SRAM'
Info: 2023.09.25.09:41:06 Info: Onchip_SRAM: "Computer_System" instantiated altera_avalon_onchip_memory2 "Onchip_SRAM"
Info: 2023.09.25.09:41:06 Info: Pixel_DMA_Addr_Translation: "Computer_System" instantiated altera_up_avalon_video_dma_ctrl_addr_trans "Pixel_DMA_Addr_Translation"
Info: 2023.09.25.09:41:06 Info: Pushbuttons: Starting RTL generation for module 'Computer_System_Pushbuttons'
Info: 2023.09.25.09:41:06 Info: Pushbuttons:   Generation command is [exec C:/intelfpga_lite/18.1/quartus/bin64/perl/bin/perl.exe -I C:/intelfpga_lite/18.1/quartus/bin64/perl/lib -I C:/intelfpga_lite/18.1/quartus/sopc_builder/bin/europa -I C:/intelfpga_lite/18.1/quartus/sopc_builder/bin/perl_lib -I C:/intelfpga_lite/18.1/quartus/sopc_builder/bin -I C:/intelfpga_lite/18.1/quartus/../ip/altera/sopc_builder_ip/common -I C:/intelfpga_lite/18.1/quartus/../ip/altera/sopc_builder_ip/altera_avalon_pio -- C:/intelfpga_lite/18.1/quartus/../ip/altera/sopc_builder_ip/altera_avalon_pio/generate_rtl.pl --name=Computer_System_Pushbuttons --dir=C:/Users/grue/AppData/Local/Temp/alt9625_1444785780309712673.dir/0085_Pushbuttons_gen/ --quartus_dir=C:/intelfpga_lite/18.1/quartus --verilog --config=C:/Users/grue/AppData/Local/Temp/alt9625_1444785780309712673.dir/0085_Pushbuttons_gen/
Info: 2023.09.25.09:41:06 Info: Pushbuttons: Done RTL generation for module 'Computer_System_Pushbuttons'
Info: 2023.09.25.09:41:06 Info: Pushbuttons: "Computer_System" instantiated altera_avalon_pio "Pushbuttons"
Info: 2023.09.25.09:41:06 Info: SDRAM: Starting RTL generation for module 'Computer_System_SDRAM'
Info: 2023.09.25.09:41:06 Info: SDRAM:   Generation command is [exec C:/intelfpga_lite/18.1/quartus/bin64/perl/bin/perl.exe -I C:/intelfpga_lite/18.1/quartus/bin64/perl/lib -I C:/intelfpga_lite/18.1/quartus/sopc_builder/bin/europa -I C:/intelfpga_lite/18.1/quartus/sopc_builder/bin/perl_lib -I C:/intelfpga_lite/18.1/quartus/sopc_builder/bin -I C:/intelfpga_lite/18.1/quartus/../ip/altera/sopc_builder_ip/common -I C:/intelfpga_lite/18.1/quartus/../ip/altera/sopc_builder_ip/altera_avalon_new_sdram_controller -- C:/intelfpga_lite/18.1/quartus/../ip/altera/sopc_builder_ip/altera_avalon_new_sdram_controller/generate_rtl.pl --name=Computer_System_SDRAM --dir=C:/Users/grue/AppData/Local/Temp/alt9625_1444785780309712673.dir/0086_SDRAM_gen/ --quartus_dir=C:/intelfpga_lite/18.1/quartus --verilog --config=C:/Users/grue/AppData/Local/Temp/alt9625_1444785780309712673.dir/0086_SDRAM_gen/
Info: 2023.09.25.09:41:07 Info: SDRAM: Done RTL generation for module 'Computer_System_SDRAM'
Info: 2023.09.25.09:41:07 Info: SDRAM: "Computer_System" instantiated altera_avalon_new_sdram_controller "SDRAM"
Info: 2023.09.25.09:41:07 Info: Slider_Switches: Starting RTL generation for module 'Computer_System_Slider_Switches'
Info: 2023.09.25.09:41:07 Info: Slider_Switches:   Generation command is [exec C:/intelfpga_lite/18.1/quartus/bin64/perl/bin/perl.exe -I C:/intelfpga_lite/18.1/quartus/bin64/perl/lib -I C:/intelfpga_lite/18.1/quartus/sopc_builder/bin/europa -I C:/intelfpga_lite/18.1/quartus/sopc_builder/bin/perl_lib -I C:/intelfpga_lite/18.1/quartus/sopc_builder/bin -I C:/intelfpga_lite/18.1/quartus/../ip/altera/sopc_builder_ip/common -I C:/intelfpga_lite/18.1/quartus/../ip/altera/sopc_builder_ip/altera_avalon_pio -- C:/intelfpga_lite/18.1/quartus/../ip/altera/sopc_builder_ip/altera_avalon_pio/generate_rtl.pl --name=Computer_System_Slider_Switches --dir=C:/Users/grue/AppData/Local/Temp/alt9625_1444785780309712673.dir/0087_Slider_Switches_gen/ --quartus_dir=C:/intelfpga_lite/18.1/quartus --verilog --config=C:/Users/grue/AppData/Local/Temp/alt9625_1444785780309712673.dir/0087_Slider_Switches_gen/
Info: 2023.09.25.09:41:07 Info: Slider_Switches: Done RTL generation for module 'Computer_System_Slider_Switches'
Info: 2023.09.25.09:41:07 Info: Slider_Switches: "Computer_System" instantiated altera_avalon_pio "Slider_Switches"
Info: 2023.09.25.09:41:07 Info: SysID: "Computer_System" instantiated altera_avalon_sysid_qsys "SysID"
Info: 2023.09.25.09:41:08 Info: System_PLL: "Computer_System" instantiated altera_up_avalon_sys_sdram_pll "System_PLL"
Info: 2023.09.25.09:41:11 Info: VGA_Subsystem: "Computer_System" instantiated VGA_Subsystem "VGA_Subsystem"
Info: 2023.09.25.09:41:14 Info: mm_interconnect_0: "Computer_System" instantiated altera_mm_interconnect "mm_interconnect_0"
Info: 2023.09.25.09:41:18 Info: avalon_st_adapter: Inserting error_adapter: error_adapter_0
Info: 2023.09.25.09:41:18 Info: avalon_st_adapter_001: Inserting error_adapter: error_adapter_0
Info: 2023.09.25.09:41:19 Info: avalon_st_adapter_002: Inserting error_adapter: error_adapter_0
Info: 2023.09.25.09:41:19 Info: avalon_st_adapter_003: Inserting error_adapter: error_adapter_0
Info: 2023.09.25.09:41:22 Info: mm_interconnect_1: "Computer_System" instantiated altera_mm_interconnect "mm_interconnect_1"
Info: 2023.09.25.09:41:30 Info: avalon_st_adapter: Inserting error_adapter: error_adapter_0
Info: 2023.09.25.09:41:31 Info: avalon_st_adapter_001: Inserting error_adapter: error_adapter_0
Info: 2023.09.25.09:41:31 Info: avalon_st_adapter_002: Inserting error_adapter: error_adapter_0
Info: 2023.09.25.09:41:32 Info: avalon_st_adapter_003: Inserting error_adapter: error_adapter_0
Info: 2023.09.25.09:41:32 Info: avalon_st_adapter_004: Inserting error_adapter: error_adapter_0
Info: 2023.09.25.09:41:33 Info: avalon_st_adapter_005: Inserting error_adapter: error_adapter_0
Info: 2023.09.25.09:41:34 Info: avalon_st_adapter_006: Inserting error_adapter: error_adapter_0
Info: 2023.09.25.09:41:34 Info: avalon_st_adapter_007: Inserting error_adapter: error_adapter_0
Info: 2023.09.25.09:41:35 Info: avalon_st_adapter_008: Inserting error_adapter: error_adapter_0
Info: 2023.09.25.09:41:35 Info: avalon_st_adapter_009: Inserting error_adapter: error_adapter_0
Info: 2023.09.25.09:41:36 Info: avalon_st_adapter_010: Inserting error_adapter: error_adapter_0
Info: 2023.09.25.09:41:36 Info: avalon_st_adapter_011: Inserting error_adapter: error_adapter_0
Info: 2023.09.25.09:41:44 Info: mm_interconnect_2: "Computer_System" instantiated altera_mm_interconnect "mm_interconnect_2"
Info: 2023.09.25.09:41:46 Info: mm_interconnect_3: "Computer_System" instantiated altera_mm_interconnect "mm_interconnect_3"
Info: 2023.09.25.09:41:46 Info: irq_mapper: "Computer_System" instantiated altera_irq_mapper "irq_mapper"
Info: 2023.09.25.09:41:46 Info: irq_mapper_001: "Computer_System" instantiated altera_irq_mapper "irq_mapper_001"
Info: 2023.09.25.09:41:46 Info: rst_controller: "Computer_System" instantiated altera_reset_controller "rst_controller"
Info: 2023.09.25.09:41:46 Info: fpga_interfaces: "ARM_A9_HPS" instantiated altera_interface_generator "fpga_interfaces"
Info: 2023.09.25.09:41:47 Info: hps_io: "ARM_A9_HPS" instantiated altera_hps_io "hps_io"
Info: 2023.09.25.09:41:47 Info: sys_pll: "System_PLL" instantiated altera_pll "sys_pll"
Info: 2023.09.25.09:41:47 Info: reset_from_locked: "System_PLL" instantiated altera_up_avalon_reset_from_locked_signal "reset_from_locked"
Info: 2023.09.25.09:41:47 Info: VGA_Alpha_Blender: Starting Generation of the Alpha Blender
Info: 2023.09.25.09:41:47 Info: VGA_Alpha_Blender: "VGA_Subsystem" instantiated altera_up_avalon_video_alpha_blender "VGA_Alpha_Blender"
Info: 2023.09.25.09:41:47 Info: VGA_Char_Buffer: Starting Generation of Character Buffer
Info: 2023.09.25.09:41:47 Info: VGA_Char_Buffer: "VGA_Subsystem" instantiated altera_up_avalon_video_character_buffer_with_dma "VGA_Char_Buffer"
Info: 2023.09.25.09:41:47 Info: VGA_Controller: Starting Generation of VGA Controller
Info: 2023.09.25.09:41:47 Info: VGA_Controller: "VGA_Subsystem" instantiated altera_up_avalon_video_vga_controller "VGA_Controller"
Info: 2023.09.25.09:41:47 Info: VGA_Dual_Clock_FIFO: Starting Generation of the Dual Clock Buffer
Info: 2023.09.25.09:41:47 Info: VGA_Dual_Clock_FIFO: "VGA_Subsystem" instantiated altera_up_avalon_video_dual_clock_buffer "VGA_Dual_Clock_FIFO"
Info: 2023.09.25.09:41:49 Info: VGA_PLL: "VGA_Subsystem" instantiated altera_up_avalon_video_pll "VGA_PLL"
Info: 2023.09.25.09:41:49 Info: VGA_Pixel_DMA: Starting Generation of VGA Pixel Buffer
Info: 2023.09.25.09:41:49 Info: VGA_Pixel_DMA: "VGA_Subsystem" instantiated altera_up_avalon_video_pixel_buffer_dma "VGA_Pixel_DMA"
Info: 2023.09.25.09:41:49 Info: VGA_Pixel_FIFO: Starting Generation of the Dual Clock Buffer
Info: 2023.09.25.09:41:49 Info: VGA_Pixel_FIFO: "VGA_Subsystem" instantiated altera_up_avalon_video_dual_clock_buffer "VGA_Pixel_FIFO"
Info: 2023.09.25.09:41:49 Info: VGA_Pixel_RGB_Resampler: Starting Generation of Video RGB Resampler
Info: 2023.09.25.09:41:49 Info: VGA_Pixel_RGB_Resampler: "VGA_Subsystem" instantiated altera_up_avalon_video_rgb_resampler "VGA_Pixel_RGB_Resampler"
Info: 2023.09.25.09:41:49 Info: F2H_Mem_Window_00000000_expanded_master_translator: "mm_interconnect_0" instantiated altera_merlin_master_translator "F2H_Mem_Window_00000000_expanded_master_translator"
Info: 2023.09.25.09:41:49 Info: F2H_Mem_Window_00000000_expanded_master_agent: "mm_interconnect_0" instantiated altera_merlin_master_agent "F2H_Mem_Window_00000000_expanded_master_agent"
Info: 2023.09.25.09:41:49 Info: ARM_A9_HPS_f2h_axi_slave_agent: "mm_interconnect_0" instantiated altera_merlin_axi_slave_ni "ARM_A9_HPS_f2h_axi_slave_agent"
Info: 2023.09.25.09:41:49 Info: router: "mm_interconnect_0" instantiated altera_merlin_router "router"
Info: 2023.09.25.09:41:49 Info: router_003: "mm_interconnect_0" instantiated altera_merlin_router "router_003"
Info: 2023.09.25.09:41:49 Info: F2H_Mem_Window_00000000_expanded_master_limiter: "mm_interconnect_0" instantiated altera_merlin_traffic_limiter "F2H_Mem_Window_00000000_expanded_master_limiter"
Info: 2023.09.25.09:41:49 Info: Reusing file C:/Users/grue/OneDrive - Kansas State University/Documents/Courses/ECE 643/DE1-SoC_Computer/DE1-SoC_Computer_KSU/quartus/Computer_System/synthesis/submodules
Info: 2023.09.25.09:41:49 Info: cmd_demux: "mm_interconnect_0" instantiated altera_merlin_demultiplexer "cmd_demux"
Info: 2023.09.25.09:41:49 Info: cmd_mux: "mm_interconnect_0" instantiated altera_merlin_multiplexer "cmd_mux"
Info: 2023.09.25.09:41:49 Info: rsp_demux: "mm_interconnect_0" instantiated altera_merlin_demultiplexer "rsp_demux"
Info: 2023.09.25.09:41:49 Info: rsp_mux: "mm_interconnect_0" instantiated altera_merlin_multiplexer "rsp_mux"
Info: 2023.09.25.09:41:49 Info: Reusing file C:/Users/grue/OneDrive - Kansas State University/Documents/Courses/ECE 643/DE1-SoC_Computer/DE1-SoC_Computer_KSU/quartus/Computer_System/synthesis/submodules
Info: 2023.09.25.09:41:49 Info: ARM_A9_HPS_f2h_axi_slave_wr_cmd_width_adapter: "mm_interconnect_0" instantiated altera_merlin_width_adapter "ARM_A9_HPS_f2h_axi_slave_wr_cmd_width_adapter"
Info: 2023.09.25.09:41:49 Info: Reusing file C:/Users/grue/OneDrive - Kansas State University/Documents/Courses/ECE 643/DE1-SoC_Computer/DE1-SoC_Computer_KSU/quartus/Computer_System/synthesis/submodules
Info: 2023.09.25.09:41:49 Info: Reusing file C:/Users/grue/OneDrive - Kansas State University/Documents/Courses/ECE 643/DE1-SoC_Computer/DE1-SoC_Computer_KSU/quartus/Computer_System/synthesis/submodules
Info: 2023.09.25.09:41:49 Info: VGA_Subsystem_char_buffer_slave_translator: "mm_interconnect_1" instantiated altera_merlin_slave_translator "VGA_Subsystem_char_buffer_slave_translator"
Info: 2023.09.25.09:41:49 Info: ARM_A9_HPS_h2f_axi_master_agent: "mm_interconnect_1" instantiated altera_merlin_axi_master_ni "ARM_A9_HPS_h2f_axi_master_agent"
Info: 2023.09.25.09:41:49 Info: Reusing file C:/Users/grue/OneDrive - Kansas State University/Documents/Courses/ECE 643/DE1-SoC_Computer/DE1-SoC_Computer_KSU/quartus/Computer_System/synthesis/submodules
Info: 2023.09.25.09:41:49 Info: VGA_Subsystem_char_buffer_slave_agent: "mm_interconnect_1" instantiated altera_merlin_slave_agent "VGA_Subsystem_char_buffer_slave_agent"
Info: 2023.09.25.09:41:49 Info: Reusing file C:/Users/grue/OneDrive - Kansas State University/Documents/Courses/ECE 643/DE1-SoC_Computer/DE1-SoC_Computer_KSU/quartus/Computer_System/synthesis/submodules
Info: 2023.09.25.09:41:49 Info: VGA_Subsystem_char_buffer_slave_agent_rsp_fifo: "mm_interconnect_1" instantiated altera_avalon_sc_fifo "VGA_Subsystem_char_buffer_slave_agent_rsp_fifo"
Info: 2023.09.25.09:41:49 Info: Reusing file C:/Users/grue/OneDrive - Kansas State University/Documents/Courses/ECE 643/DE1-SoC_Computer/DE1-SoC_Computer_KSU/quartus/Computer_System/synthesis/submodules
Info: 2023.09.25.09:41:49 Info: router: "mm_interconnect_1" instantiated altera_merlin_router "router"
Info: 2023.09.25.09:41:49 Info: router_002: "mm_interconnect_1" instantiated altera_merlin_router "router_002"
Info: 2023.09.25.09:41:49 Info: router_003: "mm_interconnect_1" instantiated altera_merlin_router "router_003"
Info: 2023.09.25.09:41:49 Info: router_004: "mm_interconnect_1" instantiated altera_merlin_router "router_004"
Info: 2023.09.25.09:41:49 Info: router_005: "mm_interconnect_1" instantiated altera_merlin_router "router_005"
Info: 2023.09.25.09:41:49 Info: router_006: "mm_interconnect_1" instantiated altera_merlin_router "router_006"
Info: 2023.09.25.09:41:49 Info: VGA_Subsystem_char_buffer_slave_burst_adapter: "mm_interconnect_1" instantiated altera_merlin_burst_adapter "VGA_Subsystem_char_buffer_slave_burst_adapter"
Info: 2023.09.25.09:41:49 Info: Reusing file C:/Users/grue/OneDrive - Kansas State University/Documents/Courses/ECE 643/DE1-SoC_Computer/DE1-SoC_Computer_KSU/quartus/Computer_System/synthesis/submodules
Info: 2023.09.25.09:41:49 Info: Reusing file C:/Users/grue/OneDrive - Kansas State University/Documents/Courses/ECE 643/DE1-SoC_Computer/DE1-SoC_Computer_KSU/quartus/Computer_System/synthesis/submodules
Info: 2023.09.25.09:41:49 Info: cmd_demux: "mm_interconnect_1" instantiated altera_merlin_demultiplexer "cmd_demux"
Info: 2023.09.25.09:41:49 Info: cmd_demux_002: "mm_interconnect_1" instantiated altera_merlin_demultiplexer "cmd_demux_002"
Info: 2023.09.25.09:41:49 Info: cmd_mux: "mm_interconnect_1" instantiated altera_merlin_multiplexer "cmd_mux"
Info: 2023.09.25.09:41:49 Info: Reusing file C:/Users/grue/OneDrive - Kansas State University/Documents/Courses/ECE 643/DE1-SoC_Computer/DE1-SoC_Computer_KSU/quartus/Computer_System/synthesis/submodules
Info: 2023.09.25.09:41:49 Info: cmd_mux_001: "mm_interconnect_1" instantiated altera_merlin_multiplexer "cmd_mux_001"
Info: 2023.09.25.09:41:49 Info: Reusing file C:/Users/grue/OneDrive - Kansas State University/Documents/Courses/ECE 643/DE1-SoC_Computer/DE1-SoC_Computer_KSU/quartus/Computer_System/synthesis/submodules
Info: 2023.09.25.09:41:49 Info: cmd_mux_002: "mm_interconnect_1" instantiated altera_merlin_multiplexer "cmd_mux_002"
Info: 2023.09.25.09:41:49 Info: Reusing file C:/Users/grue/OneDrive - Kansas State University/Documents/Courses/ECE 643/DE1-SoC_Computer/DE1-SoC_Computer_KSU/quartus/Computer_System/synthesis/submodules
Info: 2023.09.25.09:41:49 Info: cmd_mux_003: "mm_interconnect_1" instantiated altera_merlin_multiplexer "cmd_mux_003"
Info: 2023.09.25.09:41:49 Info: Reusing file C:/Users/grue/OneDrive - Kansas State University/Documents/Courses/ECE 643/DE1-SoC_Computer/DE1-SoC_Computer_KSU/quartus/Computer_System/synthesis/submodules
Info: 2023.09.25.09:41:49 Info: rsp_demux: "mm_interconnect_1" instantiated altera_merlin_demultiplexer "rsp_demux"
Info: 2023.09.25.09:41:49 Info: rsp_demux_001: "mm_interconnect_1" instantiated altera_merlin_demultiplexer "rsp_demux_001"
Info: 2023.09.25.09:41:49 Info: rsp_demux_002: "mm_interconnect_1" instantiated altera_merlin_demultiplexer "rsp_demux_002"
Info: 2023.09.25.09:41:49 Info: rsp_demux_003: "mm_interconnect_1" instantiated altera_merlin_demultiplexer "rsp_demux_003"
Info: 2023.09.25.09:41:49 Info: rsp_mux: "mm_interconnect_1" instantiated altera_merlin_multiplexer "rsp_mux"
Info: 2023.09.25.09:41:49 Info: Reusing file C:/Users/grue/OneDrive - Kansas State University/Documents/Courses/ECE 643/DE1-SoC_Computer/DE1-SoC_Computer_KSU/quartus/Computer_System/synthesis/submodules
Info: 2023.09.25.09:41:49 Info: rsp_mux_002: "mm_interconnect_1" instantiated altera_merlin_multiplexer "rsp_mux_002"
Info: 2023.09.25.09:41:49 Info: Reusing file C:/Users/grue/OneDrive - Kansas State University/Documents/Courses/ECE 643/DE1-SoC_Computer/DE1-SoC_Computer_KSU/quartus/Computer_System/synthesis/submodules
Info: 2023.09.25.09:41:50 Info: avalon_st_adapter: "mm_interconnect_1" instantiated altera_avalon_st_adapter "avalon_st_adapter"
Info: 2023.09.25.09:41:51 Info: avalon_st_adapter_001: "mm_interconnect_1" instantiated altera_avalon_st_adapter "avalon_st_adapter_001"
Info: 2023.09.25.09:41:53 Info: avalon_st_adapter_002: "mm_interconnect_1" instantiated altera_avalon_st_adapter "avalon_st_adapter_002"
Info: 2023.09.25.09:41:53 Info: router: "mm_interconnect_2" instantiated altera_merlin_router "router"
Info: 2023.09.25.09:41:53 Info: router_002: "mm_interconnect_2" instantiated altera_merlin_router "router_002"
Info: 2023.09.25.09:41:53 Info: cmd_demux: "mm_interconnect_2" instantiated altera_merlin_demultiplexer "cmd_demux"
Info: 2023.09.25.09:41:53 Info: cmd_mux: "mm_interconnect_2" instantiated altera_merlin_multiplexer "cmd_mux"
Info: 2023.09.25.09:41:53 Info: Reusing file C:/Users/grue/OneDrive - Kansas State University/Documents/Courses/ECE 643/DE1-SoC_Computer/DE1-SoC_Computer_KSU/quartus/Computer_System/synthesis/submodules
Info: 2023.09.25.09:41:53 Info: rsp_demux: "mm_interconnect_2" instantiated altera_merlin_demultiplexer "rsp_demux"
Info: 2023.09.25.09:41:53 Info: rsp_mux: "mm_interconnect_2" instantiated altera_merlin_multiplexer "rsp_mux"
Info: 2023.09.25.09:41:53 Info: Reusing file C:/Users/grue/OneDrive - Kansas State University/Documents/Courses/ECE 643/DE1-SoC_Computer/DE1-SoC_Computer_KSU/quartus/Computer_System/synthesis/submodules
Info: 2023.09.25.09:42:16 Info: border: "hps_io" instantiated altera_interface_generator "border"
Info: 2023.09.25.09:42:16 Info: video_pll: "VGA_PLL" instantiated altera_pll "video_pll"
Info: 2023.09.25.09:42:16 Info: error_adapter_0: "avalon_st_adapter" instantiated error_adapter "error_adapter_0"
Info: 2023.09.25.09:42:16 Info: error_adapter_0: "avalon_st_adapter_001" instantiated error_adapter "error_adapter_0"
Info: 2023.09.25.09:42:16 Info: error_adapter_0: "avalon_st_adapter_002" instantiated error_adapter "error_adapter_0"
Info: 2023.09.25.09:42:16 Info: Computer_System: Done "Computer_System" with 85 modules, 167 files
Info: 2023.09.25.09:42:17 Info: qsys-generate succeeded.
Info: 2023.09.25.09:42:17 Info: Finished: Create HDL design files for synthesis
Info (11902): Backing up file "audio_fifo.v" to "audio_fifo.BAK.v"
Info (11837): Started upgrading IP component FIFO with file "audio_fifo.v"
Info (11131): Completed upgrading IP component Qsys with file "Computer_System.qsys"
Info (11131): Completed upgrading IP component FIFO with file "audio_fifo.v"
Info (23030): Evaluation of Tcl script c:/intelfpga_lite/18.1/quartus/common/tcl/internal/ip_regen/ip_regen.tcl was successful
Info: Quartus Prime Shell was successful. 0 errors, 38 warnings
    Info: Peak virtual memory: 4863 megabytes
    Info: Processing ended: Mon Sep 25 09:42:34 2023
    Info: Elapsed time: 00:05:47
    Info: Total CPU time (on all processors): 00:05:06


